#
# A fatal error has been detected by the Java Runtime Environment:
#
#  EXCEPTION_ACCESS_VIOLATION (0xc0000005) at pc=0x0000000067f128cf, pid=5260, tid=5008
#
# JRE version: 7.0_03-b05
# Java VM: Java HotSpot(TM) 64-Bit Server VM (22.1-b02 mixed mode windows-amd64 compressed oops)
# Problematic frame:
# V  [jvm.dll+0x3e28cf]
#
# Failed to write core dump. Minidumps are not enabled by default on client versions of Windows
#
# If you would like to submit a bug report, please visit:
#   http://bugreport.sun.com/bugreport/crash.jsp
#

---------------  T H R E A D  ---------------

Current thread (0x000000000620a800):  JavaThread "C2 CompilerThread1" daemon [_thread_in_native, id=5008, stack(0x00000000069c0000,0x0000000006ac0000)]

siginfo: ExceptionCode=0xc0000005, reading address 0x0000000000000008

Registers:
RAX=0x0000000000000000, RBX=0x0000000006abd0a0, RCX=0x0000000008ac1a80, RDX=0x0000000000000000
RSP=0x0000000006abc250, RBP=0x0000000006abc400, RSI=0x0000000008f4f608, RDI=0x0000000000000000
R8 =0x000000000e6750a0, R9 =0x0000000000002000, R10=0x000000000de2a720, R11=0x0000000000000000
R12=0x0000000008d92390, R13=0x0000000007c939e0, R14=0x0000000006abc320, R15=0x0000000006abc340
RIP=0x0000000067f128cf, EFLAGS=0x0000000000010202

Top of Stack: (sp=0x0000000006abc250)
0x0000000006abc250:   0000000006abd0a0 0000000008d92390
0x0000000006abc260:   000000000e143030 0000000000000000
0x0000000006abc270:   0000000008d92390 0000000000000002
0x0000000006abc280:   0000000008aba248 0000000067f13389
0x0000000006abc290:   0000000006abc400 0000000000000183
0x0000000006abc2a0:   0000000006abc388 0000000006abc400
0x0000000006abc2b0:   0000000000000020 0000000008b10d38
0x0000000006abc2c0:   0000000000000000 000000000000b310
0x0000000006abc2d0:   0000000006230040 0000000006abc400
0x0000000006abc2e0:   00000000061f76e0 0000000000000002
0x0000000006abc2f0:   0000000006abd0a0 0000000067f154f7
0x0000000006abc300:   0000000006abd0a0 0000000000000001
0x0000000006abc310:   0000000000000002 0000000006abc388
0x0000000006abc320:   00000000061f76e0 0000000000000200
0x0000000006abc330:   0000000008b331c0 0000000000000184
0x0000000006abc340:   0000000068074508 00000000061f76e0 

Instructions: (pc=0x0000000067f128cf)
0x0000000067f128af:   48 3b f0 0f 84 87 01 00 00 44 8b 4b 28 0f 1f 40
0x0000000067f128bf:   00 41 8b 53 28 4c 8b 83 e0 09 00 00 4d 8b 1c d0
0x0000000067f128cf:   49 8b 43 08 48 39 38 75 2d 0f 1f 84 00 00 00 00
0x0000000067f128df:   00 41 8b 43 28 41 3b c1 73 0c 8b c8 48 8b 43 30 


Register to memory mapping:

RAX=0x0000000000000000 is an unknown value
RBX=0x0000000006abd0a0 is pointing into the stack for thread: 0x000000000620a800
RCX=0x0000000008ac1a80 is an unknown value
RDX=0x0000000000000000 is an unknown value
RSP=0x0000000006abc250 is pointing into the stack for thread: 0x000000000620a800
RBP=0x0000000006abc400 is pointing into the stack for thread: 0x000000000620a800
RSI=0x0000000008f4f608 is an unknown value
RDI=0x0000000000000000 is an unknown value
R8 =0x000000000e6750a0 is an unknown value
R9 =0x0000000000002000 is an unknown value
R10=0x000000000de2a720 is an unknown value
R11=0x0000000000000000 is an unknown value
R12=0x0000000008d92390 is an unknown value
R13=0x0000000007c939e0 is an unknown value
R14=0x0000000006abc320 is pointing into the stack for thread: 0x000000000620a800
R15=0x0000000006abc340 is pointing into the stack for thread: 0x000000000620a800


Stack: [0x00000000069c0000,0x0000000006ac0000],  sp=0x0000000006abc250,  free space=1008k
Native frames: (J=compiled Java code, j=interpreted, Vv=VM code, C=native code)
V  [jvm.dll+0x3e28cf]


Current CompileTask:
C2:6288406 1996             jregex.Pretokenizer::next (1064 bytes)


---------------  P R O C E S S  ---------------

Java Threads: ( => current thread )
  0x0000000009de4000 JavaThread "net.sf.ehcache.CacheManager@1dc42bf6" daemon [_thread_blocked, id=1304, stack(0x000000000a9e0000,0x000000000aae0000)]
  0x0000000009de7000 JavaThread "jobs-thread-7" [_thread_in_native, id=4424, stack(0x000000000b920000,0x000000000ba20000)]
  0x000000000a033000 JavaThread "com.mchange.v2.async.ThreadPoolAsynchronousRunner$PoolThread-#2" daemon [_thread_blocked, id=6032, stack(0x000000000ab40000,0x000000000ac40000)]
  0x0000000009a40800 JavaThread "com.mchange.v2.async.ThreadPoolAsynchronousRunner$PoolThread-#1" daemon [_thread_blocked, id=4692, stack(0x000000000b0f0000,0x000000000b1f0000)]
  0x0000000009e48000 JavaThread "com.mchange.v2.async.ThreadPoolAsynchronousRunner$PoolThread-#0" daemon [_thread_blocked, id=2500, stack(0x000000000af40000,0x000000000b040000)]
  0x0000000007f90800 JavaThread "Timer-0" daemon [_thread_blocked, id=6756, stack(0x000000000ad60000,0x000000000ae60000)]
  0x0000000008196000 JavaThread "play-thread-1" [_thread_blocked, id=3044, stack(0x0000000009610000,0x0000000009710000)]
  0x0000000002098000 JavaThread "DestroyJavaVM" [_thread_blocked, id=5308, stack(0x0000000002350000,0x0000000002450000)]
  0x0000000008c9e800 JavaThread "New I/O server boss #1 ([id: 0x0639d564, /0:0:0:0:0:0:0:0:9000])" [_thread_in_native, id=3992, stack(0x0000000009490000,0x0000000009590000)]
  0x000000000620d800 JavaThread "Service Thread" daemon [_thread_blocked, id=4880, stack(0x0000000007500000,0x0000000007600000)]
=>0x000000000620a800 JavaThread "C2 CompilerThread1" daemon [_thread_in_native, id=5008, stack(0x00000000069c0000,0x0000000006ac0000)]
  0x0000000006209000 JavaThread "C2 CompilerThread0" daemon [_thread_in_native, id=6736, stack(0x0000000007270000,0x0000000007370000)]
  0x00000000061fe800 JavaThread "JDWP Event Helper Thread" daemon [_thread_blocked, id=4192, stack(0x0000000007140000,0x0000000007240000)]
  0x00000000061ef800 JavaThread "JDWP Transport Listener: dt_socket" daemon [_thread_in_native, id=4992, stack(0x0000000006fe0000,0x00000000070e0000)]
  0x00000000061cb000 JavaThread "Attach Listener" daemon [_thread_blocked, id=4968, stack(0x0000000006de0000,0x0000000006ee0000)]
  0x00000000061c6000 JavaThread "Signal Dispatcher" daemon [_thread_blocked, id=5988, stack(0x0000000006c90000,0x0000000006d90000)]
  0x000000000215b800 JavaThread "Finalizer" daemon [_thread_blocked, id=3880, stack(0x0000000006b60000,0x0000000006c60000)]
  0x0000000002155000 JavaThread "Reference Handler" daemon [_thread_blocked, id=5016, stack(0x00000000068c0000,0x00000000069c0000)]

Other Threads:
  0x000000000214b800 VMThread [stack: 0x0000000006780000,0x0000000006880000] [id=6936]
  0x000000000624c000 WatcherThread [stack: 0x0000000007680000,0x0000000007780000] [id=1140]

VM state:not at safepoint (normal execution)

VM Mutex/Monitor currently owned by a thread: None

Heap
 PSYoungGen      total 8192K, used 2193K [0x00000000eb200000, 0x00000000ebb00000, 0x0000000100000000)
  eden space 7360K, 20% used [0x00000000eb200000,0x00000000eb3769a0,0x00000000eb930000)
  from space 832K, 83% used [0x00000000eba10000,0x00000000ebabdc10,0x00000000ebae0000)
  to   space 896K, 0% used [0x00000000eb930000,0x00000000eb930000,0x00000000eba10000)
 PSOldGen        total 30528K, used 14685K [0x00000000c1600000, 0x00000000c33d0000, 0x00000000eb200000)
  object space 30528K, 48% used [0x00000000c1600000,0x00000000c2457510,0x00000000c33d0000)
 PSPermGen       total 83968K, used 47575K [0x00000000bc400000, 0x00000000c1600000, 0x00000000c1600000)
  object space 83968K, 56% used [0x00000000bc400000,0x00000000bf275e48,0x00000000c1600000)

Code Cache  [0x0000000002650000, 0x0000000002f40000, 0x0000000005650000)
 total_blobs=2589 nmethods=1881 adapters=667 free_code_cache=40142Kb largest_free_block=41009280

Dynamic libraries:
0x000000013f260000 - 0x000000013f293000 	C:\Program Files\Java\jdk1.7.0_03\bin\java.exe
0x0000000077bd0000 - 0x0000000077d7c000 	C:\Windows\SYSTEM32\ntdll.dll
0x0000000077640000 - 0x000000007775f000 	C:\Windows\system32\kernel32.dll
0x000007fefe190000 - 0x000007fefe1fc000 	C:\Windows\system32\KERNELBASE.dll
0x000007feff370000 - 0x000007feff44b000 	C:\Windows\system32\ADVAPI32.dll
0x000007feffe40000 - 0x000007feffedf000 	C:\Windows\system32\msvcrt.dll
0x000007feffa00000 - 0x000007feffa1f000 	C:\Windows\SYSTEM32\sechost.dll
0x000007feff770000 - 0x000007feff89e000 	C:\Windows\system32\RPCRT4.dll
0x0000000077970000 - 0x0000000077a6a000 	C:\Windows\system32\USER32.dll
0x000007feffd80000 - 0x000007feffde7000 	C:\Windows\system32\GDI32.dll
0x000007feffa30000 - 0x000007feffa3e000 	C:\Windows\system32\LPK.dll
0x000007feff220000 - 0x000007feff2ea000 	C:\Windows\system32\USP10.dll
0x000007fefc7b0000 - 0x000007fefc9a4000 	C:\Windows\WinSxS\amd64_microsoft.windows.common-controls_6595b64144ccf1df_6.0.7600.16661_none_fa62ad231704eab7\COMCTL32.dll
0x000007feff1a0000 - 0x000007feff211000 	C:\Windows\system32\SHLWAPI.dll
0x000007feff2f0000 - 0x000007feff31e000 	C:\Windows\system32\IMM32.DLL
0x000007feff660000 - 0x000007feff769000 	C:\Windows\system32\MSCTF.dll
0x00000000751e0000 - 0x00000000752b1000 	C:\Program Files\Java\jdk1.7.0_03\jre\bin\msvcr100.dll
0x0000000067b30000 - 0x000000006820a000 	C:\Program Files\Java\jdk1.7.0_03\jre\bin\server\jvm.dll
0x000007fefa2f0000 - 0x000007fefa2f9000 	C:\Windows\system32\WSOCK32.dll
0x000007feff320000 - 0x000007feff36d000 	C:\Windows\system32\WS2_32.dll
0x000007feffa20000 - 0x000007feffa28000 	C:\Windows\system32\NSI.dll
0x000007fefbc70000 - 0x000007fefbcab000 	C:\Windows\system32\WINMM.dll
0x0000000077da0000 - 0x0000000077da7000 	C:\Windows\system32\PSAPI.DLL
0x0000000075330000 - 0x000000007533f000 	C:\Program Files\Java\jdk1.7.0_03\jre\bin\verify.dll
0x0000000075300000 - 0x0000000075328000 	C:\Program Files\Java\jdk1.7.0_03\jre\bin\java.dll
0x00000000751a0000 - 0x00000000751d5000 	C:\Program Files\Java\jdk1.7.0_03\jre\bin\jdwp.dll
0x0000000075170000 - 0x0000000075193000 	C:\Program Files\Java\jdk1.7.0_03\jre\bin\instrument.dll
0x0000000075140000 - 0x0000000075148000 	C:\Program Files\Java\jdk1.7.0_03\jre\bin\npt.dll
0x0000000075120000 - 0x0000000075135000 	C:\Program Files\Java\jdk1.7.0_03\jre\bin\zip.dll
0x0000000075110000 - 0x0000000075119000 	C:\Program Files\Java\jdk1.7.0_03\jre\bin\dt_socket.dll
0x000007fefd870000 - 0x000007fefd8c4000 	C:\Windows\system32\mswsock.dll
0x000007fefd230000 - 0x000007fefd237000 	C:\Windows\System32\wshtcpip.dll
0x00000000750f0000 - 0x0000000075109000 	C:\Program Files\Java\jdk1.7.0_03\jre\bin\net.dll
0x000007fefd860000 - 0x000007fefd867000 	C:\Windows\System32\wship6.dll
0x00000000750d0000 - 0x00000000750e1000 	C:\Program Files\Java\jdk1.7.0_03\jre\bin\nio.dll
0x000007fefd8d0000 - 0x000007fefd8e7000 	C:\Windows\system32\CRYPTSP.dll
0x000007fefd5d0000 - 0x000007fefd617000 	C:\Windows\system32\rsaenh.dll
0x000007fefd340000 - 0x000007fefd35e000 	C:\Windows\system32\USERENV.dll
0x000007fefe040000 - 0x000007fefe04f000 	C:\Windows\system32\profapi.dll
0x000007fefdf70000 - 0x000007fefdf7f000 	C:\Windows\system32\CRYPTBASE.dll
0x000007fefbc50000 - 0x000007fefbc65000 	C:\Windows\system32\NLAapi.dll
0x000007fefd6f0000 - 0x000007fefd74b000 	C:\Windows\system32\DNSAPI.dll
0x000007fefa2b0000 - 0x000007fefa2bb000 	C:\Windows\System32\winrnr.dll
0x000007fefa100000 - 0x000007fefa115000 	C:\Windows\system32\napinsp.dll
0x000007fefa0e0000 - 0x000007fefa0f9000 	C:\Windows\system32\pnrpnsp.dll
0x000007fefa2a0000 - 0x000007fefa2b0000 	C:\Windows\system32\wshbth.dll
0x000007fefa770000 - 0x000007fefa79e000 	C:\Program Files\Common Files\Microsoft Shared\Windows Live\WLIDNSP.DLL
0x000007fefb430000 - 0x000007fefb457000 	C:\Windows\system32\IPHLPAPI.DLL
0x000007fefb420000 - 0x000007fefb42b000 	C:\Windows\system32\WINNSI.DLL
0x000007fefa760000 - 0x000007fefa768000 	C:\Windows\system32\rasadhlp.dll
0x000007fefb2c0000 - 0x000007fefb313000 	C:\Windows\System32\fwpuclnt.dll
0x00000000750c0000 - 0x00000000750cb000 	C:\Program Files\Java\jdk1.7.0_03\jre\bin\management.dll

VM Arguments:
jvm_args: -javaagent:C:\play-1.2.4\play-1.2.4\framework/play-1.2.4.jar -XX:-UseSplitVerifier -Dfile.encoding=utf-8 -Xdebug -Xrunjdwp:transport=dt_socket,address=8000,server=y,suspend=n -Dplay.debug=yes -Dapplication.path=C:\Users\IDL\workspace\newsmrt\smrt-lbs-new -Dplay.id= 
java_command: play.server.Server 
Launcher Type: SUN_STANDARD

Environment Variables:
JAVA_HOME=C:\Program Files\Java\jdk1.7.0_03
CLASSPATH=.;C:\Program Files (x86)\Java\jre6\lib\ext\QTJava.zip
PATH=C:\Program Files\Common Files\Microsoft Shared\Windows Live;C:\Program Files (x86)\Common Files\Microsoft Shared\Windows Live;C:\Windows\system32;C:\Windows;C:\Windows\System32\Wbem;C:\Windows\System32\WindowsPowerShell\v1.0\;c:\Program Files (x86)\Microsoft SQL Server\100\Tools\Binn\;c:\Program Files\Microsoft SQL Server\100\Tools\Binn\;c:\Program Files\Microsoft SQL Server\100\DTS\Binn\;C:\Program Files (x86)\Windows Live\Shared;C:\Program Files\Intel\WiFi\bin\;C:\Program Files\Common Files\Intel\WirelessCommon\;C:\Program Files\Broadcom\Broadcom 802.11\Driver;C:\Program Files (x86)\Common Files\Ulead Systems\MPEG;C:\Program Files (x86)\QuickTime\QTSystem\;C:\play-1.2.4\play-1.2.4;C:\Program Files\Java\jdk1.7.0_03\bin;C:\xampp\mysql\bin
USERNAME=IDL
OS=Windows_NT
PROCESSOR_IDENTIFIER=Intel64 Family 6 Model 42 Stepping 7, GenuineIntel



---------------  S Y S T E M  ---------------

OS: Windows 7 , 64 bit Build 7600 

CPU:total 4 (2 cores per cpu, 2 threads per core) family 6 model 42 stepping 7, cmov, cx8, fxsr, mmx, sse, sse2, sse3, ssse3, sse4.1, sse4.2, popcnt, ht

Memory: 4k page, physical 4103516k(1311564k free), swap 8205128k(4998540k free)

vm_info: Java HotSpot(TM) 64-Bit Server VM (22.1-b02) for windows-amd64 JRE (1.7.0_03-b05), built on Feb  3 2012 20:43:56 by "java_re" with unknown MS VC++:1600

time: Thu May 10 19:49:34 2012
elapsed time: 6288 seconds

