#
# A fatal error has been detected by the Java Runtime Environment:
#
#  EXCEPTION_ACCESS_VIOLATION (0xc0000005) at pc=0x00000000667828cf, pid=5616, tid=1036
#
# JRE version: 7.0_03-b05
# Java VM: Java HotSpot(TM) 64-Bit Server VM (22.1-b02 mixed mode windows-amd64 compressed oops)
# Problematic frame:
# V  [jvm.dll+0x3e28cf]
#
# Failed to write core dump. Minidumps are not enabled by default on client versions of Windows
#
# If you would like to submit a bug report, please visit:
#   http://bugreport.sun.com/bugreport/crash.jsp
#

---------------  T H R E A D  ---------------

Current thread (0x0000000006579800):  JavaThread "C2 CompilerThread0" daemon [_thread_in_native, id=1036, stack(0x00000000075a0000,0x00000000076a0000)]

siginfo: ExceptionCode=0xc0000005, reading address 0x0000000000000008

Registers:
RAX=0x0000000000000000, RBX=0x000000000769cd60, RCX=0x000000000adff020, RDX=0x0000000000000000
RSP=0x000000000769bf10, RBP=0x000000000769c0c0, RSI=0x0000000009012368, RDI=0x0000000000000000
R8 =0x000000000a7affe0, R9 =0x0000000000002000, R10=0x000000000acdcad0, R11=0x0000000000000000
R12=0x000000000a593360, R13=0x0000000007b415c0, R14=0x000000000769bfe0, R15=0x000000000769c000
RIP=0x00000000667828cf, EFLAGS=0x0000000000010202

Top of Stack: (sp=0x000000000769bf10)
0x000000000769bf10:   000000000769cd60 000000000a593360
0x000000000769bf20:   000000000a2d51b0 0000000000000000
0x000000000769bf30:   000000000a593360 0000000000000002
0x000000000769bf40:   000000000a6b4f58 0000000066783389
0x000000000769bf50:   000000000769c0c0 0000000000000183
0x000000000769bf60:   000000000769c048 000000000769c0c0
0x000000000769bf70:   0000000000000020 000000000899ac78
0x000000000769bf80:   0000000000000000 000000000000b310
0x000000000769bf90:   0000000008725c70 000000000769c0c0
0x000000000769bfa0:   0000000006568480 0000000000000002
0x000000000769bfb0:   000000000769cd60 00000000667854f7
0x000000000769bfc0:   000000000769cd60 0000000000000001
0x000000000769bfd0:   0000000000000002 000000000769c048
0x000000000769bfe0:   0000000006568480 0000000000000200
0x000000000769bff0:   00000000082e8de0 0000000000000184
0x000000000769c000:   00000000668e4508 0000000006568480 

Instructions: (pc=0x00000000667828cf)
0x00000000667828af:   48 3b f0 0f 84 87 01 00 00 44 8b 4b 28 0f 1f 40
0x00000000667828bf:   00 41 8b 53 28 4c 8b 83 e0 09 00 00 4d 8b 1c d0
0x00000000667828cf:   49 8b 43 08 48 39 38 75 2d 0f 1f 84 00 00 00 00
0x00000000667828df:   00 41 8b 43 28 41 3b c1 73 0c 8b c8 48 8b 43 30 


Register to memory mapping:

RAX=0x0000000000000000 is an unknown value
RBX=0x000000000769cd60 is pointing into the stack for thread: 0x0000000006579800
RCX=0x000000000adff020 is an unknown value
RDX=0x0000000000000000 is an unknown value
RSP=0x000000000769bf10 is pointing into the stack for thread: 0x0000000006579800
RBP=0x000000000769c0c0 is pointing into the stack for thread: 0x0000000006579800
RSI=0x0000000009012368 is an unknown value
RDI=0x0000000000000000 is an unknown value
R8 =0x000000000a7affe0 is an unknown value
R9 =0x0000000000002000 is an unknown value
R10=0x000000000acdcad0 is an unknown value
R11=0x0000000000000000 is an unknown value
R12=0x000000000a593360 is an unknown value
R13=0x0000000007b415c0 is an unknown value
R14=0x000000000769bfe0 is pointing into the stack for thread: 0x0000000006579800
R15=0x000000000769c000 is pointing into the stack for thread: 0x0000000006579800


Stack: [0x00000000075a0000,0x00000000076a0000],  sp=0x000000000769bf10,  free space=1007k
Native frames: (J=compiled Java code, j=interpreted, Vv=VM code, C=native code)
V  [jvm.dll+0x3e28cf]


Current CompileTask:
C2:9733455 2087             jregex.Pretokenizer::next (1064 bytes)


---------------  P R O C E S S  ---------------

Java Threads: ( => current thread )
  0x0000000007e41800 JavaThread "net.sf.ehcache.CacheManager@69311f8c" daemon [_thread_blocked, id=3124, stack(0x0000000009860000,0x0000000009960000)]
  0x0000000007e4d800 JavaThread "jobs-thread-3" [_thread_in_Java, id=740, stack(0x000000000c9f0000,0x000000000caf0000)]
  0x0000000007cd3000 JavaThread "com.mchange.v2.async.ThreadPoolAsynchronousRunner$PoolThread-#2" daemon [_thread_blocked, id=5176, stack(0x000000000c810000,0x000000000c910000)]
  0x000000000a403800 JavaThread "com.mchange.v2.async.ThreadPoolAsynchronousRunner$PoolThread-#1" daemon [_thread_blocked, id=3984, stack(0x000000000c640000,0x000000000c740000)]
  0x0000000008ccd000 JavaThread "com.mchange.v2.async.ThreadPoolAsynchronousRunner$PoolThread-#0" daemon [_thread_blocked, id=5144, stack(0x000000000c4d0000,0x000000000c5d0000)]
  0x0000000008b1d000 JavaThread "Timer-0" daemon [_thread_blocked, id=1748, stack(0x000000000c2d0000,0x000000000c3d0000)]
  0x000000000852c000 JavaThread "play-thread-1" [_thread_blocked, id=4188, stack(0x0000000009a70000,0x0000000009b70000)]
  0x0000000002388000 JavaThread "DestroyJavaVM" [_thread_blocked, id=1560, stack(0x00000000027b0000,0x00000000028b0000)]
  0x0000000008edc800 JavaThread "New I/O server boss #1 ([id: 0x0048b670, /0:0:0:0:0:0:0:0:9000])" [_thread_in_native, id=5348, stack(0x0000000009730000,0x0000000009830000)]
  0x000000000657e000 JavaThread "Service Thread" daemon [_thread_blocked, id=2948, stack(0x0000000007a40000,0x0000000007b40000)]
  0x000000000657b000 JavaThread "C2 CompilerThread1" daemon [_thread_blocked, id=5416, stack(0x0000000007860000,0x0000000007960000)]
=>0x0000000006579800 JavaThread "C2 CompilerThread0" daemon [_thread_in_native, id=1036, stack(0x00000000075a0000,0x00000000076a0000)]
  0x000000000656f000 JavaThread "JDWP Event Helper Thread" daemon [_thread_blocked, id=3652, stack(0x00000000070c0000,0x00000000071c0000)]
  0x000000000655f800 JavaThread "JDWP Transport Listener: dt_socket" daemon [_thread_in_native, id=4336, stack(0x00000000073a0000,0x00000000074a0000)]
  0x000000000653c000 JavaThread "Attach Listener" daemon [_thread_blocked, id=6028, stack(0x0000000006f70000,0x0000000007070000)]
  0x0000000006536800 JavaThread "Signal Dispatcher" daemon [_thread_blocked, id=6024, stack(0x0000000006df0000,0x0000000006ef0000)]
  0x000000000244c000 JavaThread "Finalizer" daemon [_thread_blocked, id=5832, stack(0x0000000006cd0000,0x0000000006dd0000)]
  0x0000000002445800 JavaThread "Reference Handler" daemon [_thread_blocked, id=5364, stack(0x0000000006bc0000,0x0000000006cc0000)]

Other Threads:
  0x0000000002438000 VMThread [stack: 0x0000000006a80000,0x0000000006b80000] [id=4564]
  0x00000000065cf000 WatcherThread [stack: 0x00000000076f0000,0x00000000077f0000] [id=1228]

VM state:not at safepoint (normal execution)

VM Mutex/Monitor currently owned by a thread: None

Heap
 PSYoungGen      total 6720K, used 4463K [0x00000000eb200000, 0x00000000eb910000, 0x0000000100000000)
  eden space 6336K, 65% used [0x00000000eb200000,0x00000000eb60e300,0x00000000eb830000)
  from space 384K, 80% used [0x00000000eb8b0000,0x00000000eb8fdb60,0x00000000eb910000)
  to   space 448K, 0% used [0x00000000eb830000,0x00000000eb830000,0x00000000eb8a0000)
 PSOldGen        total 32832K, used 25018K [0x00000000c1600000, 0x00000000c3610000, 0x00000000eb200000)
  object space 32832K, 76% used [0x00000000c1600000,0x00000000c2e6ea60,0x00000000c3610000)
 PSPermGen       total 56384K, used 50423K [0x00000000bc400000, 0x00000000bfb10000, 0x00000000c1600000)
  object space 56384K, 89% used [0x00000000bc400000,0x00000000bf53dd88,0x00000000bfb10000)

Code Cache  [0x0000000002a50000, 0x0000000003440000, 0x0000000005a50000)
 total_blobs=2693 nmethods=1981 adapters=671 free_code_cache=39155Kb largest_free_block=39943744

Dynamic libraries:
0x000000013fcd0000 - 0x000000013fd03000 	C:\Program Files\Java\jdk1.7.0_03\bin\java.exe
0x00000000776b0000 - 0x000000007785c000 	C:\Windows\SYSTEM32\ntdll.dll
0x0000000077590000 - 0x00000000776af000 	C:\Windows\system32\kernel32.dll
0x000007fefdbf0000 - 0x000007fefdc5c000 	C:\Windows\system32\KERNELBASE.dll
0x000007fefdfd0000 - 0x000007fefe0ab000 	C:\Windows\system32\ADVAPI32.dll
0x000007feff050000 - 0x000007feff0ef000 	C:\Windows\system32\msvcrt.dll
0x000007fefee40000 - 0x000007fefee5f000 	C:\Windows\SYSTEM32\sechost.dll
0x000007feff890000 - 0x000007feff9be000 	C:\Windows\system32\RPCRT4.dll
0x0000000076fd0000 - 0x00000000770ca000 	C:\Windows\system32\USER32.dll
0x000007feff450000 - 0x000007feff4b7000 	C:\Windows\system32\GDI32.dll
0x000007feff580000 - 0x000007feff58e000 	C:\Windows\system32\LPK.dll
0x000007feff380000 - 0x000007feff44a000 	C:\Windows\system32\USP10.dll
0x000007fefc2f0000 - 0x000007fefc4e4000 	C:\Windows\WinSxS\amd64_microsoft.windows.common-controls_6595b64144ccf1df_6.0.7600.16661_none_fa62ad231704eab7\COMCTL32.dll
0x000007fefee60000 - 0x000007fefeed1000 	C:\Windows\system32\SHLWAPI.dll
0x000007fefeee0000 - 0x000007fefef0e000 	C:\Windows\system32\IMM32.DLL
0x000007feff770000 - 0x000007feff879000 	C:\Windows\system32\MSCTF.dll
0x0000000066a80000 - 0x0000000066b51000 	C:\Program Files\Java\jdk1.7.0_03\jre\bin\msvcr100.dll
0x00000000663a0000 - 0x0000000066a7a000 	C:\Program Files\Java\jdk1.7.0_03\jre\bin\server\jvm.dll
0x000007fef9dd0000 - 0x000007fef9dd9000 	C:\Windows\system32\WSOCK32.dll
0x000007feff530000 - 0x000007feff57d000 	C:\Windows\system32\WS2_32.dll
0x000007feff880000 - 0x000007feff888000 	C:\Windows\system32\NSI.dll
0x000007fefb750000 - 0x000007fefb78b000 	C:\Windows\system32\WINMM.dll
0x0000000077870000 - 0x0000000077877000 	C:\Windows\system32\PSAPI.DLL
0x000000006f8d0000 - 0x000000006f8df000 	C:\Program Files\Java\jdk1.7.0_03\jre\bin\verify.dll
0x0000000066c10000 - 0x0000000066c38000 	C:\Program Files\Java\jdk1.7.0_03\jre\bin\java.dll
0x0000000069180000 - 0x00000000691b5000 	C:\Program Files\Java\jdk1.7.0_03\jre\bin\jdwp.dll
0x0000000066be0000 - 0x0000000066c03000 	C:\Program Files\Java\jdk1.7.0_03\jre\bin\instrument.dll
0x000000006f8e0000 - 0x000000006f8e8000 	C:\Program Files\Java\jdk1.7.0_03\jre\bin\npt.dll
0x0000000066bc0000 - 0x0000000066bd5000 	C:\Program Files\Java\jdk1.7.0_03\jre\bin\zip.dll
0x0000000066bb0000 - 0x0000000066bb9000 	C:\Program Files\Java\jdk1.7.0_03\jre\bin\dt_socket.dll
0x000007fefd350000 - 0x000007fefd3a4000 	C:\Windows\system32\mswsock.dll
0x000007fefcd10000 - 0x000007fefcd17000 	C:\Windows\System32\wshtcpip.dll
0x0000000066b90000 - 0x0000000066ba9000 	C:\Program Files\Java\jdk1.7.0_03\jre\bin\net.dll
0x000007fefd340000 - 0x000007fefd347000 	C:\Windows\System32\wship6.dll
0x0000000066b70000 - 0x0000000066b81000 	C:\Program Files\Java\jdk1.7.0_03\jre\bin\nio.dll
0x000007fefd3b0000 - 0x000007fefd3c7000 	C:\Windows\system32\CRYPTSP.dll
0x000007fefd0b0000 - 0x000007fefd0f7000 	C:\Windows\system32\rsaenh.dll
0x000007fefce20000 - 0x000007fefce3e000 	C:\Windows\system32\USERENV.dll
0x000007fefdb20000 - 0x000007fefdb2f000 	C:\Windows\system32\profapi.dll
0x000007fefda50000 - 0x000007fefda5f000 	C:\Windows\system32\CRYPTBASE.dll
0x000007fefb730000 - 0x000007fefb745000 	C:\Windows\system32\NLAapi.dll
0x000007fefd1d0000 - 0x000007fefd22b000 	C:\Windows\system32\DNSAPI.dll
0x000007fef9d90000 - 0x000007fef9d9b000 	C:\Windows\System32\winrnr.dll
0x000007fef9be0000 - 0x000007fef9bf5000 	C:\Windows\system32\napinsp.dll
0x000007fef9bc0000 - 0x000007fef9bd9000 	C:\Windows\system32\pnrpnsp.dll
0x000007fef9d80000 - 0x000007fef9d90000 	C:\Windows\system32\wshbth.dll
0x000007fefa250000 - 0x000007fefa27e000 	C:\Program Files\Common Files\Microsoft Shared\Windows Live\WLIDNSP.DLL
0x000007fefaf10000 - 0x000007fefaf37000 	C:\Windows\system32\IPHLPAPI.DLL
0x000007fefaf00000 - 0x000007fefaf0b000 	C:\Windows\system32\WINNSI.DLL
0x000007fefa240000 - 0x000007fefa248000 	C:\Windows\system32\rasadhlp.dll
0x000007fefada0000 - 0x000007fefadf3000 	C:\Windows\System32\fwpuclnt.dll
0x000000006b8b0000 - 0x000000006b8bb000 	C:\Program Files\Java\jdk1.7.0_03\jre\bin\management.dll
0x0000000066330000 - 0x0000000066354000 	C:\Program Files\Java\jdk1.7.0_03\jre\bin\sunec.dll

VM Arguments:
jvm_args: -javaagent:C:\play-1.2.4\play-1.2.4\framework/play-1.2.4.jar -XX:-UseSplitVerifier -Dfile.encoding=utf-8 -Xdebug -Xrunjdwp:transport=dt_socket,address=8000,server=y,suspend=n -Dplay.debug=yes -Dapplication.path=C:\Users\IDL\workspace\newsmrt\smrt-lbs-new -Dplay.id= 
java_command: play.server.Server 
Launcher Type: SUN_STANDARD

Environment Variables:
JAVA_HOME=C:\Program Files\Java\jdk1.7.0_03
CLASSPATH=.;C:\Program Files (x86)\Java\jre6\lib\ext\QTJava.zip
PATH=C:\Program Files\Common Files\Microsoft Shared\Windows Live;C:\Program Files (x86)\Common Files\Microsoft Shared\Windows Live;C:\Windows\system32;C:\Windows;C:\Windows\System32\Wbem;C:\Windows\System32\WindowsPowerShell\v1.0\;c:\Program Files (x86)\Microsoft SQL Server\100\Tools\Binn\;c:\Program Files\Microsoft SQL Server\100\Tools\Binn\;c:\Program Files\Microsoft SQL Server\100\DTS\Binn\;C:\Program Files (x86)\Windows Live\Shared;C:\Program Files\Intel\WiFi\bin\;C:\Program Files\Common Files\Intel\WirelessCommon\;C:\Program Files\Broadcom\Broadcom 802.11\Driver;C:\Program Files (x86)\Common Files\Ulead Systems\MPEG;C:\Program Files (x86)\QuickTime\QTSystem\;C:\play-1.2.4\play-1.2.4;C:\Program Files\Java\jdk1.7.0_03\bin;C:\xampp\mysql\bin
USERNAME=IDL
OS=Windows_NT
PROCESSOR_IDENTIFIER=Intel64 Family 6 Model 42 Stepping 7, GenuineIntel



---------------  S Y S T E M  ---------------

OS: Windows 7 , 64 bit Build 7600 

CPU:total 4 (2 cores per cpu, 2 threads per core) family 6 model 42 stepping 7, cmov, cx8, fxsr, mmx, sse, sse2, sse3, ssse3, sse4.1, sse4.2, popcnt, ht

Memory: 4k page, physical 4103516k(1502880k free), swap 8205128k(5162012k free)

vm_info: Java HotSpot(TM) 64-Bit Server VM (22.1-b02) for windows-amd64 JRE (1.7.0_03-b05), built on Feb  3 2012 20:43:56 by "java_re" with unknown MS VC++:1600

time: Tue May 15 15:59:50 2012
elapsed time: 9733 seconds

