#
# A fatal error has been detected by the Java Runtime Environment:
#
#  EXCEPTION_ACCESS_VIOLATION (0xc0000005) at pc=0x00000000668628cf, pid=760, tid=2144
#
# JRE version: 7.0_03-b05
# Java VM: Java HotSpot(TM) 64-Bit Server VM (22.1-b02 mixed mode windows-amd64 compressed oops)
# Problematic frame:
# V  [jvm.dll+0x3e28cf]
#
# Failed to write core dump. Minidumps are not enabled by default on client versions of Windows
#
# If you would like to submit a bug report, please visit:
#   http://bugreport.sun.com/bugreport/crash.jsp
#

---------------  T H R E A D  ---------------

Current thread (0x00000000065b8800):  JavaThread "C2 CompilerThread1" daemon [_thread_in_native, id=2144, stack(0x0000000007800000,0x0000000007900000)]

siginfo: ExceptionCode=0xc0000005, reading address 0x0000000000000008

Registers:
RAX=0x0000000000000000, RBX=0x00000000078fcfb0, RCX=0x00000000080eb050, RDX=0x0000000000000000
RSP=0x00000000078fc160, RBP=0x00000000078fc310, RSI=0x0000000007f428a8, RDI=0x0000000000000000
R8 =0x0000000008c66d40, R9 =0x0000000000002000, R10=0x0000000008a74370, R11=0x0000000000000000
R12=0x0000000008031520, R13=0x00000000085995d0, R14=0x00000000078fc230, R15=0x00000000078fc250
RIP=0x00000000668628cf, EFLAGS=0x0000000000010202

Top of Stack: (sp=0x00000000078fc160)
0x00000000078fc160:   00000000078fcfb0 0000000008031520
0x00000000078fc170:   000000000a6182a0 0000000000000000
0x00000000078fc180:   0000000008031520 0000000000000002
0x00000000078fc190:   000000000955fb58 0000000066863389
0x00000000078fc1a0:   00000000078fc310 0000000000000183
0x00000000078fc1b0:   00000000078fc298 00000000078fc310
0x00000000078fc1c0:   0000000000000020 0000000008575438
0x00000000078fc1d0:   0000000000000000 000000000000b310
0x00000000078fc1e0:   00000000065e02e0 00000000078fc310
0x00000000078fc1f0:   00000000065a4ad0 0000000000000002
0x00000000078fc200:   00000000078fcfb0 00000000668654f7
0x00000000078fc210:   00000000078fcfb0 0000000000000001
0x00000000078fc220:   0000000000000002 00000000078fc298
0x00000000078fc230:   00000000065a4ad0 0000000000000200
0x00000000078fc240:   0000000008a7db20 0000000000000184
0x00000000078fc250:   00000000669c4508 00000000065a4ad0 

Instructions: (pc=0x00000000668628cf)
0x00000000668628af:   48 3b f0 0f 84 87 01 00 00 44 8b 4b 28 0f 1f 40
0x00000000668628bf:   00 41 8b 53 28 4c 8b 83 e0 09 00 00 4d 8b 1c d0
0x00000000668628cf:   49 8b 43 08 48 39 38 75 2d 0f 1f 84 00 00 00 00
0x00000000668628df:   00 41 8b 43 28 41 3b c1 73 0c 8b c8 48 8b 43 30 


Register to memory mapping:

RAX=0x0000000000000000 is an unknown value
RBX=0x00000000078fcfb0 is pointing into the stack for thread: 0x00000000065b8800
RCX=0x00000000080eb050 is an unknown value
RDX=0x0000000000000000 is an unknown value
RSP=0x00000000078fc160 is pointing into the stack for thread: 0x00000000065b8800
RBP=0x00000000078fc310 is pointing into the stack for thread: 0x00000000065b8800
RSI=0x0000000007f428a8 is an unknown value
RDI=0x0000000000000000 is an unknown value
R8 =0x0000000008c66d40 is an unknown value
R9 =0x0000000000002000 is an unknown value
R10=0x0000000008a74370 is an unknown value
R11=0x0000000000000000 is an unknown value
R12=0x0000000008031520 is an unknown value
R13=0x00000000085995d0 is an unknown value
R14=0x00000000078fc230 is pointing into the stack for thread: 0x00000000065b8800
R15=0x00000000078fc250 is pointing into the stack for thread: 0x00000000065b8800


Stack: [0x0000000007800000,0x0000000007900000],  sp=0x00000000078fc160,  free space=1008k
Native frames: (J=compiled Java code, j=interpreted, Vv=VM code, C=native code)
V  [jvm.dll+0x3e28cf]


Current CompileTask:
C2:8994741 2117             jregex.Pretokenizer::next (1064 bytes)


---------------  P R O C E S S  ---------------

Java Threads: ( => current thread )
  0x0000000008fe7800 JavaThread "net.sf.ehcache.CacheManager@70f757a3" daemon [_thread_blocked, id=5040, stack(0x000000000c6b0000,0x000000000c7b0000)]
  0x0000000008fe9000 JavaThread "jobs-thread-3" [_thread_in_Java, id=5692, stack(0x000000000bb30000,0x000000000bc30000)]
  0x0000000008fec800 JavaThread "New I/O server worker #1-3" [_thread_in_native, id=5032, stack(0x000000000eae0000,0x000000000ebe0000)]
  0x0000000008fe3800 JavaThread "New I/O server worker #1-2" [_thread_in_native, id=1376, stack(0x000000000e9c0000,0x000000000eac0000)]
  0x0000000008fe8800 JavaThread "New I/O server worker #1-1" [_thread_in_native, id=832, stack(0x000000000ced0000,0x000000000cfd0000)]
  0x0000000008fec000 JavaThread "New I/O server worker #1-8" [_thread_in_native, id=4648, stack(0x0000000007110000,0x0000000007210000)]
  0x0000000008fed800 JavaThread "New I/O server worker #1-7" [_thread_in_native, id=4560, stack(0x000000000c7d0000,0x000000000c8d0000)]
  0x0000000008fea000 JavaThread "New I/O server worker #1-6" [_thread_in_native, id=4380, stack(0x000000000ccf0000,0x000000000cdf0000)]
  0x0000000008bd7800 JavaThread "com.mchange.v2.async.ThreadPoolAsynchronousRunner$PoolThread-#2" daemon [_thread_blocked, id=3996, stack(0x000000000c510000,0x000000000c610000)]
  0x00000000089d1800 JavaThread "com.mchange.v2.async.ThreadPoolAsynchronousRunner$PoolThread-#1" daemon [_thread_blocked, id=4704, stack(0x000000000bc60000,0x000000000bd60000)]
  0x0000000009281000 JavaThread "com.mchange.v2.async.ThreadPoolAsynchronousRunner$PoolThread-#0" daemon [_thread_blocked, id=184, stack(0x000000000c2b0000,0x000000000c3b0000)]
  0x0000000007fb8000 JavaThread "Timer-0" daemon [_thread_blocked, id=2156, stack(0x000000000bfc0000,0x000000000c0c0000)]
  0x0000000008bce000 JavaThread "play-thread-1" [_thread_blocked, id=5088, stack(0x0000000009a30000,0x0000000009b30000)]
  0x00000000022e8000 JavaThread "DestroyJavaVM" [_thread_blocked, id=4912, stack(0x0000000002700000,0x0000000002800000)]
  0x0000000008716000 JavaThread "New I/O server boss #1 ([id: 0x0048b670, /0:0:0:0:0:0:0:0:9000])" [_thread_in_native, id=5236, stack(0x0000000009870000,0x0000000009970000)]
  0x00000000065bb800 JavaThread "Service Thread" daemon [_thread_blocked, id=3508, stack(0x00000000079a0000,0x0000000007aa0000)]
=>0x00000000065b8800 JavaThread "C2 CompilerThread1" daemon [_thread_in_native, id=2144, stack(0x0000000007800000,0x0000000007900000)]
  0x00000000065b6800 JavaThread "C2 CompilerThread0" daemon [_thread_blocked, id=5460, stack(0x00000000075e0000,0x00000000076e0000)]
  0x00000000065ab800 JavaThread "JDWP Event Helper Thread" daemon [_thread_blocked, id=5560, stack(0x00000000073b0000,0x00000000074b0000)]
  0x00000000065aa800 JavaThread "JDWP Transport Listener: dt_socket" daemon [_thread_in_native, id=5908, stack(0x0000000007240000,0x0000000007340000)]
  0x0000000006578800 JavaThread "Attach Listener" daemon [_thread_blocked, id=3860, stack(0x0000000006e90000,0x0000000006f90000)]
  0x0000000006573000 JavaThread "Signal Dispatcher" daemon [_thread_blocked, id=3380, stack(0x0000000006d40000,0x0000000006e40000)]
  0x00000000023a8800 JavaThread "Finalizer" daemon [_thread_blocked, id=3048, stack(0x0000000006c10000,0x0000000006d10000)]
  0x00000000023a1800 JavaThread "Reference Handler" daemon [_thread_blocked, id=3480, stack(0x00000000069d0000,0x0000000006ad0000)]

Other Threads:
  0x0000000002398000 VMThread [stack: 0x0000000006b00000,0x0000000006c00000] [id=4696]
  0x000000000660d000 WatcherThread [stack: 0x0000000007b30000,0x0000000007c30000] [id=2108]

VM state:not at safepoint (normal execution)

VM Mutex/Monitor currently owned by a thread: None

Heap
 PSYoungGen      total 14784K, used 4268K [0x00000000eb200000, 0x00000000ec230000, 0x0000000100000000)
  eden space 13568K, 28% used [0x00000000eb200000,0x00000000eb5c6f60,0x00000000ebf40000)
  from space 1216K, 92% used [0x00000000ec0a0000,0x00000000ec1b9b70,0x00000000ec1d0000)
  to   space 1408K, 0% used [0x00000000ebf40000,0x00000000ebf40000,0x00000000ec0a0000)
 PSOldGen        total 30848K, used 16117K [0x00000000c1600000, 0x00000000c3420000, 0x00000000eb200000)
  object space 30848K, 52% used [0x00000000c1600000,0x00000000c25bd488,0x00000000c3420000)
 PSPermGen       total 83968K, used 49926K [0x00000000bc400000, 0x00000000c1600000, 0x00000000c1600000)
  object space 83968K, 59% used [0x00000000bc400000,0x00000000bf4c2f20,0x00000000c1600000)

Code Cache  [0x0000000002900000, 0x0000000003250000, 0x0000000005900000)
 total_blobs=2723 nmethods=2004 adapters=678 free_code_cache=39771Kb largest_free_block=40627712

Dynamic libraries:
0x000000013f0a0000 - 0x000000013f0d3000 	C:\Program Files\Java\jdk1.7.0_03\bin\java.exe
0x00000000776b0000 - 0x000000007785c000 	C:\Windows\SYSTEM32\ntdll.dll
0x0000000077590000 - 0x00000000776af000 	C:\Windows\system32\kernel32.dll
0x000007fefdbf0000 - 0x000007fefdc5c000 	C:\Windows\system32\KERNELBASE.dll
0x000007fefdfd0000 - 0x000007fefe0ab000 	C:\Windows\system32\ADVAPI32.dll
0x000007feff050000 - 0x000007feff0ef000 	C:\Windows\system32\msvcrt.dll
0x000007fefee40000 - 0x000007fefee5f000 	C:\Windows\SYSTEM32\sechost.dll
0x000007feff890000 - 0x000007feff9be000 	C:\Windows\system32\RPCRT4.dll
0x0000000076fd0000 - 0x00000000770ca000 	C:\Windows\system32\USER32.dll
0x000007feff450000 - 0x000007feff4b7000 	C:\Windows\system32\GDI32.dll
0x000007feff580000 - 0x000007feff58e000 	C:\Windows\system32\LPK.dll
0x000007feff380000 - 0x000007feff44a000 	C:\Windows\system32\USP10.dll
0x000007fefc2f0000 - 0x000007fefc4e4000 	C:\Windows\WinSxS\amd64_microsoft.windows.common-controls_6595b64144ccf1df_6.0.7600.16661_none_fa62ad231704eab7\COMCTL32.dll
0x000007fefee60000 - 0x000007fefeed1000 	C:\Windows\system32\SHLWAPI.dll
0x000007fefeee0000 - 0x000007fefef0e000 	C:\Windows\system32\IMM32.DLL
0x000007feff770000 - 0x000007feff879000 	C:\Windows\system32\MSCTF.dll
0x0000000066b60000 - 0x0000000066c31000 	C:\Program Files\Java\jdk1.7.0_03\jre\bin\msvcr100.dll
0x0000000066480000 - 0x0000000066b5a000 	C:\Program Files\Java\jdk1.7.0_03\jre\bin\server\jvm.dll
0x000007fef9dd0000 - 0x000007fef9dd9000 	C:\Windows\system32\WSOCK32.dll
0x000007feff530000 - 0x000007feff57d000 	C:\Windows\system32\WS2_32.dll
0x000007feff880000 - 0x000007feff888000 	C:\Windows\system32\NSI.dll
0x000007fefb750000 - 0x000007fefb78b000 	C:\Windows\system32\WINMM.dll
0x0000000077870000 - 0x0000000077877000 	C:\Windows\system32\PSAPI.DLL
0x000000006f8e0000 - 0x000000006f8ef000 	C:\Program Files\Java\jdk1.7.0_03\jre\bin\verify.dll
0x0000000069190000 - 0x00000000691b8000 	C:\Program Files\Java\jdk1.7.0_03\jre\bin\java.dll
0x0000000066440000 - 0x0000000066475000 	C:\Program Files\Java\jdk1.7.0_03\jre\bin\jdwp.dll
0x0000000066410000 - 0x0000000066433000 	C:\Program Files\Java\jdk1.7.0_03\jre\bin\instrument.dll
0x000000006f8d0000 - 0x000000006f8d8000 	C:\Program Files\Java\jdk1.7.0_03\jre\bin\npt.dll
0x00000000663f0000 - 0x0000000066405000 	C:\Program Files\Java\jdk1.7.0_03\jre\bin\zip.dll
0x000000006b8b0000 - 0x000000006b8b9000 	C:\Program Files\Java\jdk1.7.0_03\jre\bin\dt_socket.dll
0x000007fefd350000 - 0x000007fefd3a4000 	C:\Windows\system32\mswsock.dll
0x000007fefcd10000 - 0x000007fefcd17000 	C:\Windows\System32\wshtcpip.dll
0x00000000663d0000 - 0x00000000663e9000 	C:\Program Files\Java\jdk1.7.0_03\jre\bin\net.dll
0x000007fefd340000 - 0x000007fefd347000 	C:\Windows\System32\wship6.dll
0x00000000663b0000 - 0x00000000663c1000 	C:\Program Files\Java\jdk1.7.0_03\jre\bin\nio.dll
0x000007fefd3b0000 - 0x000007fefd3c7000 	C:\Windows\system32\CRYPTSP.dll
0x000007fefd0b0000 - 0x000007fefd0f7000 	C:\Windows\system32\rsaenh.dll
0x000007fefce20000 - 0x000007fefce3e000 	C:\Windows\system32\USERENV.dll
0x000007fefdb20000 - 0x000007fefdb2f000 	C:\Windows\system32\profapi.dll
0x000007fefda50000 - 0x000007fefda5f000 	C:\Windows\system32\CRYPTBASE.dll
0x000007fefb730000 - 0x000007fefb745000 	C:\Windows\system32\NLAapi.dll
0x000007fefd1d0000 - 0x000007fefd22b000 	C:\Windows\system32\DNSAPI.dll
0x000007fef9d90000 - 0x000007fef9d9b000 	C:\Windows\System32\winrnr.dll
0x000007fef9be0000 - 0x000007fef9bf5000 	C:\Windows\system32\napinsp.dll
0x000007fef9bc0000 - 0x000007fef9bd9000 	C:\Windows\system32\pnrpnsp.dll
0x000007fef9d80000 - 0x000007fef9d90000 	C:\Windows\system32\wshbth.dll
0x000007fefa250000 - 0x000007fefa27e000 	C:\Program Files\Common Files\Microsoft Shared\Windows Live\WLIDNSP.DLL
0x000007fefaf10000 - 0x000007fefaf37000 	C:\Windows\system32\IPHLPAPI.DLL
0x000007fefaf00000 - 0x000007fefaf0b000 	C:\Windows\system32\WINNSI.DLL
0x000007fefa240000 - 0x000007fefa248000 	C:\Windows\system32\rasadhlp.dll
0x000007fefada0000 - 0x000007fefadf3000 	C:\Windows\System32\fwpuclnt.dll
0x0000000069180000 - 0x000000006918b000 	C:\Program Files\Java\jdk1.7.0_03\jre\bin\management.dll
0x0000000066380000 - 0x00000000663a4000 	C:\Program Files\Java\jdk1.7.0_03\jre\bin\sunec.dll

VM Arguments:
jvm_args: -javaagent:C:\play-1.2.4\play-1.2.4\framework/play-1.2.4.jar -XX:-UseSplitVerifier -Dfile.encoding=utf-8 -Xdebug -Xrunjdwp:transport=dt_socket,address=8000,server=y,suspend=n -Dplay.debug=yes -Dapplication.path=C:\Users\IDL\workspace\newsmrt\smrt-lbs-new -Dplay.id= 
java_command: play.server.Server 
Launcher Type: SUN_STANDARD

Environment Variables:
JAVA_HOME=C:\Program Files\Java\jdk1.7.0_03
CLASSPATH=.;C:\Program Files (x86)\Java\jre6\lib\ext\QTJava.zip
PATH=C:\Program Files\Common Files\Microsoft Shared\Windows Live;C:\Program Files (x86)\Common Files\Microsoft Shared\Windows Live;C:\Windows\system32;C:\Windows;C:\Windows\System32\Wbem;C:\Windows\System32\WindowsPowerShell\v1.0\;c:\Program Files (x86)\Microsoft SQL Server\100\Tools\Binn\;c:\Program Files\Microsoft SQL Server\100\Tools\Binn\;c:\Program Files\Microsoft SQL Server\100\DTS\Binn\;C:\Program Files (x86)\Windows Live\Shared;C:\Program Files\Intel\WiFi\bin\;C:\Program Files\Common Files\Intel\WirelessCommon\;C:\Program Files\Broadcom\Broadcom 802.11\Driver;C:\Program Files (x86)\Common Files\Ulead Systems\MPEG;C:\Program Files (x86)\QuickTime\QTSystem\;C:\play-1.2.4\play-1.2.4;C:\Program Files\Java\jdk1.7.0_03\bin;C:\xampp\mysql\bin
USERNAME=IDL
OS=Windows_NT
PROCESSOR_IDENTIFIER=Intel64 Family 6 Model 42 Stepping 7, GenuineIntel



---------------  S Y S T E M  ---------------

OS: Windows 7 , 64 bit Build 7600 

CPU:total 4 (2 cores per cpu, 2 threads per core) family 6 model 42 stepping 7, cmov, cx8, fxsr, mmx, sse, sse2, sse3, ssse3, sse4.1, sse4.2, popcnt, ht

Memory: 4k page, physical 4103516k(1529088k free), swap 8205128k(5152268k free)

vm_info: Java HotSpot(TM) 64-Bit Server VM (22.1-b02) for windows-amd64 JRE (1.7.0_03-b05), built on Feb  3 2012 20:43:56 by "java_re" with unknown MS VC++:1600

time: Tue May 15 13:17:28 2012
elapsed time: 8994 seconds

