#
# A fatal error has been detected by the Java Runtime Environment:
#
#  EXCEPTION_ACCESS_VIOLATION (0xc0000005) at pc=0x000000006c0328cf, pid=2912, tid=5940
#
# JRE version: 7.0_03-b05
# Java VM: Java HotSpot(TM) 64-Bit Server VM (22.1-b02 mixed mode windows-amd64 compressed oops)
# Problematic frame:
# V  [jvm.dll+0x3e28cf]
#
# Failed to write core dump. Minidumps are not enabled by default on client versions of Windows
#
# If you would like to submit a bug report, please visit:
#   http://bugreport.sun.com/bugreport/crash.jsp
#

---------------  T H R E A D  ---------------

Current thread (0x00000000065c9000):  JavaThread "C2 CompilerThread0" daemon [_thread_in_native, id=5940, stack(0x0000000007510000,0x0000000007610000)]

siginfo: ExceptionCode=0xc0000005, reading address 0x0000000000000008

Registers:
RAX=0x0000000000000000, RBX=0x000000000760cfd0, RCX=0x0000000007e922f0, RDX=0x0000000000000000
RSP=0x000000000760c180, RBP=0x000000000760c330, RSI=0x0000000008f7f8b8, RDI=0x0000000000000000
R8 =0x00000000087f5ff0, R9 =0x0000000000002000, R10=0x0000000008f07900, R11=0x0000000000000000
R12=0x0000000007bde100, R13=0x0000000008a8f6a8, R14=0x000000000760c250, R15=0x000000000760c270
RIP=0x000000006c0328cf, EFLAGS=0x0000000000010206

Top of Stack: (sp=0x000000000760c180)
0x000000000760c180:   000000000760cfd0 0000000007bde100
0x000000000760c190:   00000000092fd960 0000000000000000
0x000000000760c1a0:   0000000007bde100 0000000000000002
0x000000000760c1b0:   0000000008a96608 000000006c033389
0x000000000760c1c0:   000000000760c330 00000000000001a0
0x000000000760c1d0:   000000000760c2b8 000000000760c330
0x000000000760c1e0:   0000000000000020 00000000080ab630
0x000000000760c1f0:   0000000000000000 000000000000c020
0x000000000760c200:   00000000084d4d40 000000000760c330
0x000000000760c210:   00000000065b7590 0000000000000002
0x000000000760c220:   000000000760cfd0 000000006c0354f7
0x000000000760c230:   000000000760cfd0 0000000000000001
0x000000000760c240:   0000000000000002 000000000760c2b8
0x000000000760c250:   00000000065b7590 0000000000000200
0x000000000760c260:   000000000abe9820 00000000000001a1
0x000000000760c270:   000000006c194508 00000000065b7590 

Instructions: (pc=0x000000006c0328cf)
0x000000006c0328af:   48 3b f0 0f 84 87 01 00 00 44 8b 4b 28 0f 1f 40
0x000000006c0328bf:   00 41 8b 53 28 4c 8b 83 e0 09 00 00 4d 8b 1c d0
0x000000006c0328cf:   49 8b 43 08 48 39 38 75 2d 0f 1f 84 00 00 00 00
0x000000006c0328df:   00 41 8b 43 28 41 3b c1 73 0c 8b c8 48 8b 43 30 


Register to memory mapping:

RAX=0x0000000000000000 is an unknown value
RBX=0x000000000760cfd0 is pointing into the stack for thread: 0x00000000065c9000
RCX=0x0000000007e922f0 is an unknown value
RDX=0x0000000000000000 is an unknown value
RSP=0x000000000760c180 is pointing into the stack for thread: 0x00000000065c9000
RBP=0x000000000760c330 is pointing into the stack for thread: 0x00000000065c9000
RSI=0x0000000008f7f8b8 is an unknown value
RDI=0x0000000000000000 is an unknown value
R8 =0x00000000087f5ff0 is an unknown value
R9 =0x0000000000002000 is an unknown value
R10=0x0000000008f07900 is an unknown value
R11=0x0000000000000000 is an unknown value
R12=0x0000000007bde100 is an unknown value
R13=0x0000000008a8f6a8 is an unknown value
R14=0x000000000760c250 is pointing into the stack for thread: 0x00000000065c9000
R15=0x000000000760c270 is pointing into the stack for thread: 0x00000000065c9000


Stack: [0x0000000007510000,0x0000000007610000],  sp=0x000000000760c180,  free space=1008k
Native frames: (J=compiled Java code, j=interpreted, Vv=VM code, C=native code)
V  [jvm.dll+0x3e28cf]


Current CompileTask:
C2:2128725 1674             jregex.Pretokenizer::next (1064 bytes)


---------------  P R O C E S S  ---------------

Java Threads: ( => current thread )
  0x00000000082fe800 JavaThread "net.sf.ehcache.CacheManager@2fdb0fec" daemon [_thread_blocked, id=5544, stack(0x000000000c3f0000,0x000000000c4f0000)]
  0x0000000008a9f800 JavaThread "New I/O server worker #1-2" [_thread_in_native, id=3092, stack(0x000000000ce50000,0x000000000cf50000)]
  0x0000000008a9c800 JavaThread "New I/O server worker #1-1" [_thread_in_native, id=1248, stack(0x000000000cc60000,0x000000000cd60000)]
  0x0000000008aa1000 JavaThread "New I/O server worker #1-8" [_thread_in_native, id=3500, stack(0x000000000ca60000,0x000000000cb60000)]
  0x0000000008aa0800 JavaThread "New I/O server worker #1-7" [_thread_in_native, id=5656, stack(0x0000000009570000,0x0000000009670000)]
  0x0000000008a9d800 JavaThread "New I/O server worker #1-6" [_thread_in_native, id=3168, stack(0x000000000c810000,0x000000000c910000)]
  0x0000000008a9a800 JavaThread "pool-2-thread-21" [_thread_blocked, id=2576, stack(0x000000000c6c0000,0x000000000c7c0000)]
  0x0000000009da3800 JavaThread "com.mchange.v2.async.ThreadPoolAsynchronousRunner$PoolThread-#2" daemon [_thread_blocked, id=5488, stack(0x000000000c560000,0x000000000c660000)]
  0x000000000aa30800 JavaThread "com.mchange.v2.async.ThreadPoolAsynchronousRunner$PoolThread-#1" daemon [_thread_blocked, id=2272, stack(0x000000000be50000,0x000000000bf50000)]
  0x0000000008304800 JavaThread "com.mchange.v2.async.ThreadPoolAsynchronousRunner$PoolThread-#0" daemon [_thread_blocked, id=904, stack(0x000000000c2e0000,0x000000000c3e0000)]
  0x000000000a640800 JavaThread "Timer-0" daemon [_thread_blocked, id=1208, stack(0x000000000c110000,0x000000000c210000)]
  0x0000000008019800 JavaThread "play-thread-1" [_thread_in_Java, id=3660, stack(0x0000000009700000,0x0000000009800000)]
  0x0000000002478000 JavaThread "DestroyJavaVM" [_thread_blocked, id=3728, stack(0x00000000027b0000,0x00000000028b0000)]
  0x00000000080b1000 JavaThread "New I/O server boss #1 ([id: 0x64f0d946, /0:0:0:0:0:0:0:0:9000])" [_thread_in_native, id=3588, stack(0x0000000009460000,0x0000000009560000)]
  0x00000000065cd800 JavaThread "Service Thread" daemon [_thread_blocked, id=1092, stack(0x0000000007780000,0x0000000007880000)]
  0x00000000065ca800 JavaThread "C2 CompilerThread1" daemon [_thread_blocked, id=3104, stack(0x0000000007660000,0x0000000007760000)]
=>0x00000000065c9000 JavaThread "C2 CompilerThread0" daemon [_thread_in_native, id=5940, stack(0x0000000007510000,0x0000000007610000)]
  0x00000000065be800 JavaThread "JDWP Event Helper Thread" daemon [_thread_blocked, id=6044, stack(0x00000000073c0000,0x00000000074c0000)]
  0x00000000065af800 JavaThread "JDWP Transport Listener: dt_socket" daemon [_thread_in_native, id=4220, stack(0x00000000070f0000,0x00000000071f0000)]
  0x000000000658b000 JavaThread "Attach Listener" daemon [_thread_blocked, id=4576, stack(0x0000000006f20000,0x0000000007020000)]
  0x0000000006586000 JavaThread "Signal Dispatcher" daemon [_thread_blocked, id=4084, stack(0x0000000006b10000,0x0000000006c10000)]
  0x000000000253b800 JavaThread "Finalizer" daemon [_thread_blocked, id=4788, stack(0x0000000006df0000,0x0000000006ef0000)]
  0x0000000002535000 JavaThread "Reference Handler" daemon [_thread_blocked, id=972, stack(0x0000000006ca0000,0x0000000006da0000)]

Other Threads:
  0x000000000252b800 VMThread [stack: 0x0000000006a00000,0x0000000006b00000] [id=5532]
  0x0000000006656800 WatcherThread [stack: 0x0000000007290000,0x0000000007390000] [id=1132]

VM state:not at safepoint (normal execution)

VM Mutex/Monitor currently owned by a thread: None

Heap
 PSYoungGen      total 16576K, used 3164K [0x00000000eb200000, 0x00000000ec6a0000, 0x0000000100000000)
  eden space 14784K, 18% used [0x00000000eb200000,0x00000000eb4bddb0,0x00000000ec070000)
  from space 1792K, 19% used [0x00000000ec220000,0x00000000ec2795b0,0x00000000ec3e0000)
  to   space 1728K, 0% used [0x00000000ec070000,0x00000000ec070000,0x00000000ec220000)
 PSOldGen        total 31744K, used 26589K [0x00000000c1600000, 0x00000000c3500000, 0x00000000eb200000)
  object space 31744K, 83% used [0x00000000c1600000,0x00000000c2ff7708,0x00000000c3500000)
 PSPermGen       total 52352K, used 52219K [0x00000000bc400000, 0x00000000bf720000, 0x00000000c1600000)
  object space 52352K, 99% used [0x00000000bc400000,0x00000000bf6fed50,0x00000000bf720000)

Code Cache  [0x0000000002a80000, 0x00000000032e0000, 0x0000000005a80000)
 total_blobs=2324 nmethods=1620 adapters=663 free_code_cache=40695Kb largest_free_block=41576448

Dynamic libraries:
0x000000013f870000 - 0x000000013f8a3000 	C:\Program Files\Java\jdk1.7.0_03\bin\java.exe
0x0000000076fd0000 - 0x000000007717c000 	C:\Windows\SYSTEM32\ntdll.dll
0x00000000768f0000 - 0x0000000076a0f000 	C:\Windows\system32\kernel32.dll
0x000007fefd760000 - 0x000007fefd7cc000 	C:\Windows\system32\KERNELBASE.dll
0x000007fefd950000 - 0x000007fefda2b000 	C:\Windows\system32\ADVAPI32.dll
0x000007fefe4b0000 - 0x000007fefe54f000 	C:\Windows\system32\msvcrt.dll
0x000007fefdb50000 - 0x000007fefdb6f000 	C:\Windows\SYSTEM32\sechost.dll
0x000007fefe170000 - 0x000007fefe29e000 	C:\Windows\system32\RPCRT4.dll
0x0000000076ed0000 - 0x0000000076fca000 	C:\Windows\system32\USER32.dll
0x000007fefd8e0000 - 0x000007fefd947000 	C:\Windows\system32\GDI32.dll
0x000007fefde20000 - 0x000007fefde2e000 	C:\Windows\system32\LPK.dll
0x000007fefdb70000 - 0x000007fefdc3a000 	C:\Windows\system32\USP10.dll
0x000007fefbbf0000 - 0x000007fefbde4000 	C:\Windows\WinSxS\amd64_microsoft.windows.common-controls_6595b64144ccf1df_6.0.7600.16661_none_fa62ad231704eab7\COMCTL32.dll
0x000007fefdad0000 - 0x000007fefdb41000 	C:\Windows\system32\SHLWAPI.dll
0x000007fefe480000 - 0x000007fefe4ae000 	C:\Windows\system32\IMM32.DLL
0x000007fefe340000 - 0x000007fefe449000 	C:\Windows\system32\MSCTF.dll
0x0000000071440000 - 0x0000000071511000 	C:\Program Files\Java\jdk1.7.0_03\jre\bin\msvcr100.dll
0x000000006bc50000 - 0x000000006c32a000 	C:\Program Files\Java\jdk1.7.0_03\jre\bin\server\jvm.dll
0x000007fef96f0000 - 0x000007fef96f9000 	C:\Windows\system32\WSOCK32.dll
0x000007fefd810000 - 0x000007fefd85d000 	C:\Windows\system32\WS2_32.dll
0x000007fefe470000 - 0x000007fefe478000 	C:\Windows\system32\NSI.dll
0x000007fefb230000 - 0x000007fefb26b000 	C:\Windows\system32\WINMM.dll
0x00000000771a0000 - 0x00000000771a7000 	C:\Windows\system32\PSAPI.DLL
0x00000000739a0000 - 0x00000000739af000 	C:\Program Files\Java\jdk1.7.0_03\jre\bin\verify.dll
0x0000000073970000 - 0x0000000073998000 	C:\Program Files\Java\jdk1.7.0_03\jre\bin\java.dll
0x0000000071780000 - 0x00000000717b5000 	C:\Program Files\Java\jdk1.7.0_03\jre\bin\jdwp.dll
0x0000000071750000 - 0x0000000071773000 	C:\Program Files\Java\jdk1.7.0_03\jre\bin\instrument.dll
0x0000000073830000 - 0x0000000073838000 	C:\Program Files\Java\jdk1.7.0_03\jre\bin\npt.dll
0x0000000071730000 - 0x0000000071745000 	C:\Program Files\Java\jdk1.7.0_03\jre\bin\zip.dll
0x00000000716f0000 - 0x00000000716f9000 	C:\Program Files\Java\jdk1.7.0_03\jre\bin\dt_socket.dll
0x000007fefcc70000 - 0x000007fefccc4000 	C:\Windows\system32\mswsock.dll
0x000007fefc630000 - 0x000007fefc637000 	C:\Windows\System32\wshtcpip.dll
0x00000000716d0000 - 0x00000000716e9000 	C:\Program Files\Java\jdk1.7.0_03\jre\bin\net.dll
0x000007fefcc60000 - 0x000007fefcc67000 	C:\Windows\System32\wship6.dll
0x00000000716b0000 - 0x00000000716c1000 	C:\Program Files\Java\jdk1.7.0_03\jre\bin\nio.dll
0x000007fefccd0000 - 0x000007fefcce7000 	C:\Windows\system32\CRYPTSP.dll
0x000007fefc9d0000 - 0x000007fefca17000 	C:\Windows\system32\rsaenh.dll
0x000007fefc740000 - 0x000007fefc75e000 	C:\Windows\system32\USERENV.dll
0x000007fefd440000 - 0x000007fefd44f000 	C:\Windows\system32\profapi.dll
0x000007fefd370000 - 0x000007fefd37f000 	C:\Windows\system32\CRYPTBASE.dll
0x000007fefb280000 - 0x000007fefb295000 	C:\Windows\system32\NLAapi.dll
0x000007fefcaf0000 - 0x000007fefcb4b000 	C:\Windows\system32\DNSAPI.dll
0x000007fef96d0000 - 0x000007fef96db000 	C:\Windows\System32\winrnr.dll
0x000007fef9500000 - 0x000007fef9515000 	C:\Windows\system32\napinsp.dll
0x000007fef94e0000 - 0x000007fef94f9000 	C:\Windows\system32\pnrpnsp.dll
0x000007fef96c0000 - 0x000007fef96d0000 	C:\Windows\system32\wshbth.dll
0x000007fef9b70000 - 0x000007fef9b9e000 	C:\Program Files\Common Files\Microsoft Shared\Windows Live\WLIDNSP.DLL
0x000007fefa830000 - 0x000007fefa857000 	C:\Windows\system32\IPHLPAPI.DLL
0x000007fefa810000 - 0x000007fefa81b000 	C:\Windows\system32\WINNSI.DLL
0x000007fef9b60000 - 0x000007fef9b68000 	C:\Windows\system32\rasadhlp.dll
0x000007fefa6c0000 - 0x000007fefa713000 	C:\Windows\System32\fwpuclnt.dll
0x0000000071720000 - 0x000000007172b000 	C:\Program Files\Java\jdk1.7.0_03\jre\bin\management.dll

VM Arguments:
jvm_args: -javaagent:C:\play-1.2.4\play-1.2.4\framework/play-1.2.4.jar -XX:-UseSplitVerifier -Dfile.encoding=utf-8 -Xdebug -Xrunjdwp:transport=dt_socket,address=8000,server=y,suspend=n -Dplay.debug=yes -Dapplication.path=C:\Users\IDL\workspace\newsmrt\smrt-lbs-new -Dplay.id= 
java_command: play.server.Server 
Launcher Type: SUN_STANDARD

Environment Variables:
JAVA_HOME=C:\Program Files\Java\jdk1.7.0_03
CLASSPATH=.;C:\Program Files (x86)\Java\jre6\lib\ext\QTJava.zip
PATH=C:\Program Files\Common Files\Microsoft Shared\Windows Live;C:\Program Files (x86)\Common Files\Microsoft Shared\Windows Live;C:\Windows\system32;C:\Windows;C:\Windows\System32\Wbem;C:\Windows\System32\WindowsPowerShell\v1.0\;c:\Program Files (x86)\Microsoft SQL Server\100\Tools\Binn\;c:\Program Files\Microsoft SQL Server\100\Tools\Binn\;c:\Program Files\Microsoft SQL Server\100\DTS\Binn\;C:\Program Files (x86)\Windows Live\Shared;C:\Program Files\Intel\WiFi\bin\;C:\Program Files\Common Files\Intel\WirelessCommon\;C:\Program Files\Broadcom\Broadcom 802.11\Driver;C:\Program Files (x86)\Common Files\Ulead Systems\MPEG;C:\Program Files (x86)\QuickTime\QTSystem\;C:\play-1.2.4\play-1.2.4;C:\Program Files\Java\jdk1.7.0_03\bin;C:\xampp\mysql\bin
USERNAME=IDL
OS=Windows_NT
PROCESSOR_IDENTIFIER=Intel64 Family 6 Model 42 Stepping 7, GenuineIntel



---------------  S Y S T E M  ---------------

OS: Windows 7 , 64 bit Build 7600 

CPU:total 4 (2 cores per cpu, 2 threads per core) family 6 model 42 stepping 7, cmov, cx8, fxsr, mmx, sse, sse2, sse3, ssse3, sse4.1, sse4.2, popcnt, ht

Memory: 4k page, physical 4103516k(823704k free), swap 8205128k(3761752k free)

vm_info: Java HotSpot(TM) 64-Bit Server VM (22.1-b02) for windows-amd64 JRE (1.7.0_03-b05), built on Feb  3 2012 20:43:56 by "java_re" with unknown MS VC++:1600

time: Wed May 16 11:43:22 2012
elapsed time: 2128 seconds

