#
# A fatal error has been detected by the Java Runtime Environment:
#
#  EXCEPTION_ACCESS_VIOLATION (0xc0000005) at pc=0x000000006ae428cf, pid=5072, tid=6104
#
# JRE version: 7.0_03-b05
# Java VM: Java HotSpot(TM) 64-Bit Server VM (22.1-b02 mixed mode windows-amd64 compressed oops)
# Problematic frame:
# V  [jvm.dll+0x3e28cf]
#
# Failed to write core dump. Minidumps are not enabled by default on client versions of Windows
#
# If you would like to submit a bug report, please visit:
#   http://bugreport.sun.com/bugreport/crash.jsp
#

---------------  T H R E A D  ---------------

Current thread (0x0000000006638000):  JavaThread "C2 CompilerThread0" daemon [_thread_in_native, id=6104, stack(0x0000000007720000,0x0000000007820000)]

siginfo: ExceptionCode=0xc0000005, reading address 0x0000000000000008

Registers:
RAX=0x0000000000000000, RBX=0x000000000781d020, RCX=0x0000000007e9ab70, RDX=0x0000000000000000
RSP=0x000000000781c1d0, RBP=0x000000000781c380, RSI=0x0000000009e5ed68, RDI=0x0000000000000000
R8 =0x00000000089eed20, R9 =0x0000000000002000, R10=0x0000000007f42d30, R11=0x0000000000000000
R12=0x000000000a264ae0, R13=0x0000000008f7b538, R14=0x000000000781c2a0, R15=0x000000000781c2c0
RIP=0x000000006ae428cf, EFLAGS=0x0000000000010206

Top of Stack: (sp=0x000000000781c1d0)
0x000000000781c1d0:   000000000781d020 000000000a264ae0
0x000000000781c1e0:   0000000007c6afb0 0000000000000000
0x000000000781c1f0:   000000000a264ae0 0000000000000002
0x000000000781c200:   0000000008f82498 000000006ae43389
0x000000000781c210:   000000000781c380 00000000000001a0
0x000000000781c220:   000000000781c308 000000000781c380
0x000000000781c230:   0000000000000020 0000000007dff2d0
0x000000000781c240:   0000000000000000 000000000000c020
0x000000000781c250:   0000000008c70150 000000000781c380
0x000000000781c260:   0000000006626950 0000000000000002
0x000000000781c270:   000000000781d020 000000006ae454f7
0x000000000781c280:   000000000781d020 0000000000000001
0x000000000781c290:   0000000000000002 000000000781c308
0x000000000781c2a0:   0000000006626950 0000000000000200
0x000000000781c2b0:   0000000008b82e70 00000000000001a1
0x000000000781c2c0:   000000006afa4508 0000000006626950 

Instructions: (pc=0x000000006ae428cf)
0x000000006ae428af:   48 3b f0 0f 84 87 01 00 00 44 8b 4b 28 0f 1f 40
0x000000006ae428bf:   00 41 8b 53 28 4c 8b 83 e0 09 00 00 4d 8b 1c d0
0x000000006ae428cf:   49 8b 43 08 48 39 38 75 2d 0f 1f 84 00 00 00 00
0x000000006ae428df:   00 41 8b 43 28 41 3b c1 73 0c 8b c8 48 8b 43 30 


Register to memory mapping:

RAX=0x0000000000000000 is an unknown value
RBX=0x000000000781d020 is pointing into the stack for thread: 0x0000000006638000
RCX=0x0000000007e9ab70 is an unknown value
RDX=0x0000000000000000 is an unknown value
RSP=0x000000000781c1d0 is pointing into the stack for thread: 0x0000000006638000
RBP=0x000000000781c380 is pointing into the stack for thread: 0x0000000006638000
RSI=0x0000000009e5ed68 is an unknown value
RDI=0x0000000000000000 is an unknown value
R8 =0x00000000089eed20 is an unknown value
R9 =0x0000000000002000 is an unknown value
R10=0x0000000007f42d30 is an unknown value
R11=0x0000000000000000 is an unknown value
R12=0x000000000a264ae0 is an unknown value
R13=0x0000000008f7b538 is an unknown value
R14=0x000000000781c2a0 is pointing into the stack for thread: 0x0000000006638000
R15=0x000000000781c2c0 is pointing into the stack for thread: 0x0000000006638000


Stack: [0x0000000007720000,0x0000000007820000],  sp=0x000000000781c1d0,  free space=1008k
Native frames: (J=compiled Java code, j=interpreted, Vv=VM code, C=native code)
V  [jvm.dll+0x3e28cf]


Current CompileTask:
C2:6961240 1889             jregex.Pretokenizer::next (1064 bytes)


---------------  P R O C E S S  ---------------

Java Threads: ( => current thread )
  0x000000000865a800 JavaThread "net.sf.ehcache.CacheManager@273b934e" daemon [_thread_blocked, id=6112, stack(0x0000000009a50000,0x0000000009b50000)]
  0x0000000008659000 JavaThread "jobs-thread-9" [_thread_in_native, id=2636, stack(0x000000000c950000,0x000000000ca50000)]
  0x00000000087ca800 JavaThread "com.mchange.v2.async.ThreadPoolAsynchronousRunner$PoolThread-#2" daemon [_thread_blocked, id=4476, stack(0x000000000af80000,0x000000000b080000)]
  0x0000000007f90800 JavaThread "com.mchange.v2.async.ThreadPoolAsynchronousRunner$PoolThread-#1" daemon [_thread_blocked, id=5844, stack(0x000000000b570000,0x000000000b670000)]
  0x0000000008a83800 JavaThread "com.mchange.v2.async.ThreadPoolAsynchronousRunner$PoolThread-#0" daemon [_thread_blocked, id=3472, stack(0x000000000b3d0000,0x000000000b4d0000)]
  0x0000000006670000 JavaThread "Timer-0" daemon [_thread_blocked, id=5940, stack(0x000000000adc0000,0x000000000aec0000)]
  0x00000000083b2000 JavaThread "play-thread-1" [_thread_blocked, id=1660, stack(0x0000000009750000,0x0000000009850000)]
  0x0000000002358000 JavaThread "DestroyJavaVM" [_thread_blocked, id=4000, stack(0x0000000002720000,0x0000000002820000)]
  0x0000000008655000 JavaThread "New I/O server boss #1 ([id: 0x5f0bc88b, /0:0:0:0:0:0:0:0:9000])" [_thread_in_native, id=1168, stack(0x00000000098e0000,0x00000000099e0000)]
  0x000000000663b000 JavaThread "Service Thread" daemon [_thread_blocked, id=2156, stack(0x0000000007a60000,0x0000000007b60000)]
  0x000000000663a000 JavaThread "C2 CompilerThread1" daemon [_thread_blocked, id=5320, stack(0x00000000078a0000,0x00000000079a0000)]
=>0x0000000006638000 JavaThread "C2 CompilerThread0" daemon [_thread_in_native, id=6104, stack(0x0000000007720000,0x0000000007820000)]
  0x000000000662d800 JavaThread "JDWP Event Helper Thread" daemon [_thread_blocked, id=1104, stack(0x00000000075b0000,0x00000000076b0000)]
  0x000000000661e800 JavaThread "JDWP Transport Listener: dt_socket" daemon [_thread_in_native, id=4364, stack(0x00000000073e0000,0x00000000074e0000)]
  0x00000000065f8800 JavaThread "Attach Listener" daemon [_thread_blocked, id=4192, stack(0x00000000071d0000,0x00000000072d0000)]
  0x00000000065f3800 JavaThread "Signal Dispatcher" daemon [_thread_blocked, id=3520, stack(0x0000000007070000,0x0000000007170000)]
  0x0000000002418800 JavaThread "Finalizer" daemon [_thread_blocked, id=4384, stack(0x0000000006e70000,0x0000000006f70000)]
  0x0000000002411800 JavaThread "Reference Handler" daemon [_thread_blocked, id=3868, stack(0x0000000006d30000,0x0000000006e30000)]

Other Threads:
  0x0000000002408000 VMThread [stack: 0x0000000006b50000,0x0000000006c50000] [id=5288]
  0x000000000668c800 WatcherThread [stack: 0x0000000006a40000,0x0000000006b40000] [id=4076]

VM state:not at safepoint (normal execution)

VM Mutex/Monitor currently owned by a thread: None

Heap
 PSYoungGen      total 8576K, used 5664K [0x00000000eb200000, 0x00000000ebb50000, 0x0000000100000000)
  eden space 7744K, 66% used [0x00000000eb200000,0x00000000eb701fd8,0x00000000eb990000)
  from space 832K, 88% used [0x00000000eba80000,0x00000000ebb38000,0x00000000ebb50000)
  to   space 896K, 0% used [0x00000000eb990000,0x00000000eb990000,0x00000000eba70000)
 PSOldGen        total 36736K, used 21605K [0x00000000c1600000, 0x00000000c39e0000, 0x00000000eb200000)
  object space 36736K, 58% used [0x00000000c1600000,0x00000000c2b196a0,0x00000000c39e0000)
 PSPermGen       total 83968K, used 51954K [0x00000000bc400000, 0x00000000c1600000, 0x00000000c1600000)
  object space 83968K, 61% used [0x00000000bc400000,0x00000000bf6bcac0,0x00000000c1600000)

Code Cache  [0x0000000002820000, 0x0000000003090000, 0x0000000005820000)
 total_blobs=2450 nmethods=1741 adapters=668 free_code_cache=40686Kb largest_free_block=41544320

Dynamic libraries:
0x000000013ff90000 - 0x000000013ffc3000 	C:\Program Files\Java\jdk1.7.0_03\bin\java.exe
0x0000000076d20000 - 0x0000000076ecc000 	C:\Windows\SYSTEM32\ntdll.dll
0x0000000076aa0000 - 0x0000000076bbf000 	C:\Windows\system32\kernel32.dll
0x000007fefd4f0000 - 0x000007fefd55c000 	C:\Windows\system32\KERNELBASE.dll
0x000007fefe860000 - 0x000007fefe93b000 	C:\Windows\system32\ADVAPI32.dll
0x000007fefe530000 - 0x000007fefe5cf000 	C:\Windows\system32\msvcrt.dll
0x000007feff010000 - 0x000007feff02f000 	C:\Windows\SYSTEM32\sechost.dll
0x000007fefe640000 - 0x000007fefe76e000 	C:\Windows\system32\RPCRT4.dll
0x0000000076850000 - 0x000000007694a000 	C:\Windows\system32\USER32.dll
0x000007fefe5d0000 - 0x000007fefe637000 	C:\Windows\system32\GDI32.dll
0x000007fefe770000 - 0x000007fefe77e000 	C:\Windows\system32\LPK.dll
0x000007fefee90000 - 0x000007fefef5a000 	C:\Windows\system32\USP10.dll
0x000007fefb900000 - 0x000007fefbaf4000 	C:\Windows\WinSxS\amd64_microsoft.windows.common-controls_6595b64144ccf1df_6.0.7600.16661_none_fa62ad231704eab7\COMCTL32.dll
0x000007fefe9e0000 - 0x000007fefea51000 	C:\Windows\system32\SHLWAPI.dll
0x000007fefef60000 - 0x000007fefef8e000 	C:\Windows\system32\IMM32.DLL
0x000007fefed80000 - 0x000007fefee89000 	C:\Windows\system32\MSCTF.dll
0x000000006fd40000 - 0x000000006fe11000 	C:\Program Files\Java\jdk1.7.0_03\jre\bin\msvcr100.dll
0x000000006aa60000 - 0x000000006b13a000 	C:\Program Files\Java\jdk1.7.0_03\jre\bin\server\jvm.dll
0x000007fef9440000 - 0x000007fef9449000 	C:\Windows\system32\WSOCK32.dll
0x000007fefed30000 - 0x000007fefed7d000 	C:\Windows\system32\WS2_32.dll
0x000007fefd740000 - 0x000007fefd748000 	C:\Windows\system32\NSI.dll
0x000007fefb150000 - 0x000007fefb18b000 	C:\Windows\system32\WINMM.dll
0x0000000076ef0000 - 0x0000000076ef7000 	C:\Windows\system32\PSAPI.DLL
0x0000000072130000 - 0x000000007213f000 	C:\Program Files\Java\jdk1.7.0_03\jre\bin\verify.dll
0x00000000714c0000 - 0x00000000714e8000 	C:\Program Files\Java\jdk1.7.0_03\jre\bin\java.dll
0x0000000071310000 - 0x0000000071345000 	C:\Program Files\Java\jdk1.7.0_03\jre\bin\jdwp.dll
0x00000000712e0000 - 0x0000000071303000 	C:\Program Files\Java\jdk1.7.0_03\jre\bin\instrument.dll
0x0000000071730000 - 0x0000000071738000 	C:\Program Files\Java\jdk1.7.0_03\jre\bin\npt.dll
0x0000000070fd0000 - 0x0000000070fe5000 	C:\Program Files\Java\jdk1.7.0_03\jre\bin\zip.dll
0x00000000714b0000 - 0x00000000714b9000 	C:\Program Files\Java\jdk1.7.0_03\jre\bin\dt_socket.dll
0x000007fefca00000 - 0x000007fefca54000 	C:\Windows\system32\mswsock.dll
0x000007fefc380000 - 0x000007fefc387000 	C:\Windows\System32\wshtcpip.dll
0x0000000070fb0000 - 0x0000000070fc9000 	C:\Program Files\Java\jdk1.7.0_03\jre\bin\net.dll
0x000007fefc9f0000 - 0x000007fefc9f7000 	C:\Windows\System32\wship6.dll
0x0000000070f90000 - 0x0000000070fa1000 	C:\Program Files\Java\jdk1.7.0_03\jre\bin\nio.dll
0x000007fefca60000 - 0x000007fefca77000 	C:\Windows\system32\CRYPTSP.dll
0x000007fefc760000 - 0x000007fefc7a7000 	C:\Windows\system32\rsaenh.dll
0x000007fefc490000 - 0x000007fefc4ae000 	C:\Windows\system32\USERENV.dll
0x000007fefd190000 - 0x000007fefd19f000 	C:\Windows\system32\profapi.dll
0x000007fefd0c0000 - 0x000007fefd0cf000 	C:\Windows\system32\CRYPTBASE.dll
0x000007fefb590000 - 0x000007fefb5a5000 	C:\Windows\system32\NLAapi.dll
0x000007fefc880000 - 0x000007fefc8db000 	C:\Windows\system32\DNSAPI.dll
0x000007fef9280000 - 0x000007fef928b000 	C:\Windows\System32\winrnr.dll
0x000007fef9260000 - 0x000007fef9275000 	C:\Windows\system32\napinsp.dll
0x000007fef9240000 - 0x000007fef9259000 	C:\Windows\system32\pnrpnsp.dll
0x000007fef9230000 - 0x000007fef9240000 	C:\Windows\system32\wshbth.dll
0x000007fef99f0000 - 0x000007fef9a1e000 	C:\Program Files\Common Files\Microsoft Shared\Windows Live\WLIDNSP.DLL
0x000007fefb110000 - 0x000007fefb137000 	C:\Windows\system32\IPHLPAPI.DLL
0x000007fefafb0000 - 0x000007fefafbb000 	C:\Windows\system32\WINNSI.DLL
0x000007fef99e0000 - 0x000007fef99e8000 	C:\Windows\system32\rasadhlp.dll
0x000007fefab40000 - 0x000007fefab93000 	C:\Windows\System32\fwpuclnt.dll
0x000000006a800000 - 0x000000006a80b000 	C:\Program Files\Java\jdk1.7.0_03\jre\bin\management.dll

VM Arguments:
jvm_args: -javaagent:C:\play-1.2.4\play-1.2.4\framework/play-1.2.4.jar -XX:-UseSplitVerifier -Dfile.encoding=utf-8 -Xdebug -Xrunjdwp:transport=dt_socket,address=8000,server=y,suspend=n -Dplay.debug=yes -Dapplication.path=C:\Users\IDL\workspace\newsmrt\smrt-lbs-new -Dplay.id= 
java_command: play.server.Server 
Launcher Type: SUN_STANDARD

Environment Variables:
JAVA_HOME=C:\Program Files\Java\jdk1.7.0_03
CLASSPATH=.;C:\Program Files (x86)\Java\jre6\lib\ext\QTJava.zip
PATH=C:\Program Files\Common Files\Microsoft Shared\Windows Live;C:\Program Files (x86)\Common Files\Microsoft Shared\Windows Live;C:\Windows\system32;C:\Windows;C:\Windows\System32\Wbem;C:\Windows\System32\WindowsPowerShell\v1.0\;c:\Program Files (x86)\Microsoft SQL Server\100\Tools\Binn\;c:\Program Files\Microsoft SQL Server\100\Tools\Binn\;c:\Program Files\Microsoft SQL Server\100\DTS\Binn\;C:\Program Files (x86)\Windows Live\Shared;C:\Program Files\Intel\WiFi\bin\;C:\Program Files\Common Files\Intel\WirelessCommon\;C:\Program Files\Broadcom\Broadcom 802.11\Driver;C:\Program Files (x86)\Common Files\Ulead Systems\MPEG;C:\Program Files (x86)\QuickTime\QTSystem\;C:\play-1.2.4\play-1.2.4;C:\Program Files\Java\jdk1.7.0_03\bin;C:\xampp\mysql\bin
USERNAME=IDL
OS=Windows_NT
PROCESSOR_IDENTIFIER=Intel64 Family 6 Model 42 Stepping 7, GenuineIntel



---------------  S Y S T E M  ---------------

OS: Windows 7 , 64 bit Build 7600 

CPU:total 4 (2 cores per cpu, 2 threads per core) family 6 model 42 stepping 7, cmov, cx8, fxsr, mmx, sse, sse2, sse3, ssse3, sse4.1, sse4.2, popcnt, ht

Memory: 4k page, physical 4103516k(1034380k free), swap 8205128k(3635936k free)

vm_info: Java HotSpot(TM) 64-Bit Server VM (22.1-b02) for windows-amd64 JRE (1.7.0_03-b05), built on Feb  3 2012 20:43:56 by "java_re" with unknown MS VC++:1600

time: Fri May 11 11:47:23 2012
elapsed time: 6961 seconds

