#
# A fatal error has been detected by the Java Runtime Environment:
#
#  EXCEPTION_ACCESS_VIOLATION (0xc0000005) at pc=0x000000006a5828cf, pid=5012, tid=1640
#
# JRE version: 7.0_03-b05
# Java VM: Java HotSpot(TM) 64-Bit Server VM (22.1-b02 mixed mode windows-amd64 compressed oops)
# Problematic frame:
# V  [jvm.dll+0x3e28cf]
#
# Failed to write core dump. Minidumps are not enabled by default on client versions of Windows
#
# If you would like to submit a bug report, please visit:
#   http://bugreport.sun.com/bugreport/crash.jsp
#

---------------  T H R E A D  ---------------

Current thread (0x000000000664d000):  JavaThread "C2 CompilerThread1" daemon [_thread_in_native, id=1640, stack(0x00000000076d0000,0x00000000077d0000)]

siginfo: ExceptionCode=0xc0000005, reading address 0x0000000000000008

Registers:
RAX=0x0000000000000000, RBX=0x00000000077cce30, RCX=0x000000000b531ec0, RDX=0x0000000000000000
RSP=0x00000000077cbfe0, RBP=0x00000000077cc190, RSI=0x000000000895d7a8, RDI=0x0000000000000000
R8 =0x000000000a55b600, R9 =0x0000000000002000, R10=0x00000000080851e0, R11=0x0000000000000000
R12=0x0000000008297020, R13=0x0000000007f39470, R14=0x00000000077cc0b0, R15=0x00000000077cc0d0
RIP=0x000000006a5828cf, EFLAGS=0x0000000000010283

Top of Stack: (sp=0x00000000077cbfe0)
0x00000000077cbfe0:   00000000077cce30 0000000008297020
0x00000000077cbff0:   0000000007c94b30 0000000000000000
0x00000000077cc000:   0000000008297020 0000000000000002
0x00000000077cc010:   000000000a5487c8 000000006a583389
0x00000000077cc020:   00000000077cc190 0000000000000183
0x00000000077cc030:   00000000077cc118 00000000077cc190
0x00000000077cc040:   0000000000000020 000000000aab0198
0x00000000077cc050:   0000000000000000 000000000000b310
0x00000000077cc060:   0000000008ff03e0 00000000077cc190
0x00000000077cc070:   0000000006638640 0000000000000002
0x00000000077cc080:   00000000077cce30 000000006a5854f7
0x00000000077cc090:   00000000077cce30 0000000000000001
0x00000000077cc0a0:   0000000000000002 00000000077cc118
0x00000000077cc0b0:   0000000006638640 0000000000000200
0x00000000077cc0c0:   0000000008d33db0 0000000000000184
0x00000000077cc0d0:   000000006a6e4508 0000000006638640 

Instructions: (pc=0x000000006a5828cf)
0x000000006a5828af:   48 3b f0 0f 84 87 01 00 00 44 8b 4b 28 0f 1f 40
0x000000006a5828bf:   00 41 8b 53 28 4c 8b 83 e0 09 00 00 4d 8b 1c d0
0x000000006a5828cf:   49 8b 43 08 48 39 38 75 2d 0f 1f 84 00 00 00 00
0x000000006a5828df:   00 41 8b 43 28 41 3b c1 73 0c 8b c8 48 8b 43 30 


Register to memory mapping:

RAX=0x0000000000000000 is an unknown value
RBX=0x00000000077cce30 is pointing into the stack for thread: 0x000000000664d000
RCX=0x000000000b531ec0 is an unknown value
RDX=0x0000000000000000 is an unknown value
RSP=0x00000000077cbfe0 is pointing into the stack for thread: 0x000000000664d000
RBP=0x00000000077cc190 is pointing into the stack for thread: 0x000000000664d000
RSI=0x000000000895d7a8 is an unknown value
RDI=0x0000000000000000 is an unknown value
R8 =0x000000000a55b600 is an unknown value
R9 =0x0000000000002000 is an unknown value
R10=0x00000000080851e0 is an unknown value
R11=0x0000000000000000 is an unknown value
R12=0x0000000008297020 is an unknown value
R13=0x0000000007f39470 is an unknown value
R14=0x00000000077cc0b0 is pointing into the stack for thread: 0x000000000664d000
R15=0x00000000077cc0d0 is pointing into the stack for thread: 0x000000000664d000


Stack: [0x00000000076d0000,0x00000000077d0000],  sp=0x00000000077cbfe0,  free space=1007k
Native frames: (J=compiled Java code, j=interpreted, Vv=VM code, C=native code)
V  [jvm.dll+0x3e28cf]


Current CompileTask:
C2:48671960 1999             jregex.Pretokenizer::next (1064 bytes)


---------------  P R O C E S S  ---------------

Java Threads: ( => current thread )
  0x0000000007daa000 JavaThread "net.sf.ehcache.CacheManager@5416ee25" daemon [_thread_blocked, id=6588, stack(0x000000000c030000,0x000000000c130000)]
  0x0000000007da9800 JavaThread "pool-2-thread-66" [_thread_blocked, id=6372, stack(0x000000000bdf0000,0x000000000bef0000)]
  0x0000000008a7d800 JavaThread "jobs-thread-9" [_thread_in_Java, id=4988, stack(0x000000000d5e0000,0x000000000d6e0000)]
  0x0000000008304000 JavaThread "com.mchange.v2.async.ThreadPoolAsynchronousRunner$PoolThread-#2" daemon [_thread_blocked, id=4828, stack(0x000000000c300000,0x000000000c400000)]
  0x0000000008e20000 JavaThread "com.mchange.v2.async.ThreadPoolAsynchronousRunner$PoolThread-#1" daemon [_thread_blocked, id=3500, stack(0x000000000c140000,0x000000000c240000)]
  0x00000000093ac000 JavaThread "com.mchange.v2.async.ThreadPoolAsynchronousRunner$PoolThread-#0" daemon [_thread_blocked, id=4944, stack(0x000000000bef0000,0x000000000bff0000)]
  0x0000000007e69000 JavaThread "Timer-0" daemon [_thread_blocked, id=6088, stack(0x000000000ba10000,0x000000000bb10000)]
  0x00000000081c8800 JavaThread "play-thread-1" [_thread_blocked, id=5088, stack(0x0000000006d90000,0x0000000006e90000)]
  0x0000000002348000 JavaThread "DestroyJavaVM" [_thread_blocked, id=436, stack(0x0000000002690000,0x0000000002790000)]
  0x0000000008e43000 JavaThread "New I/O server boss #1 ([id: 0x79f0a8b0, /0:0:0:0:0:0:0:0:9000])" [_thread_in_native, id=4320, stack(0x0000000009720000,0x0000000009820000)]
  0x0000000006657800 JavaThread "Service Thread" daemon [_thread_blocked, id=2624, stack(0x00000000077f0000,0x00000000078f0000)]
=>0x000000000664d000 JavaThread "C2 CompilerThread1" daemon [_thread_in_native, id=1640, stack(0x00000000076d0000,0x00000000077d0000)]
  0x000000000664a000 JavaThread "C2 CompilerThread0" daemon [_thread_blocked, id=1404, stack(0x0000000007430000,0x0000000007530000)]
  0x000000000663f800 JavaThread "JDWP Event Helper Thread" daemon [_thread_blocked, id=984, stack(0x0000000007590000,0x0000000007690000)]
  0x0000000006630800 JavaThread "JDWP Transport Listener: dt_socket" daemon [_thread_in_native, id=2912, stack(0x0000000007210000,0x0000000007310000)]
  0x0000000006608800 JavaThread "Attach Listener" daemon [_thread_blocked, id=3492, stack(0x00000000070d0000,0x00000000071d0000)]
  0x0000000006603000 JavaThread "Signal Dispatcher" daemon [_thread_blocked, id=3532, stack(0x0000000006e90000,0x0000000006f90000)]
  0x0000000002408800 JavaThread "Finalizer" daemon [_thread_blocked, id=3504, stack(0x0000000006c90000,0x0000000006d90000)]
  0x0000000002401800 JavaThread "Reference Handler" daemon [_thread_blocked, id=5980, stack(0x0000000006b30000,0x0000000006c30000)]

Other Threads:
  0x00000000023f8000 VMThread [stack: 0x0000000006a00000,0x0000000006b00000] [id=2452]
  0x000000000666a800 WatcherThread [stack: 0x0000000007a00000,0x0000000007b00000] [id=448]

VM state:not at safepoint (normal execution)

VM Mutex/Monitor currently owned by a thread: None

Heap
 PSYoungGen      total 9216K, used 1697K [0x00000000eb200000, 0x00000000ebda0000, 0x0000000100000000)
  eden space 8064K, 15% used [0x00000000eb200000,0x00000000eb3344d8,0x00000000eb9e0000)
  from space 1152K, 40% used [0x00000000eb9e0000,0x00000000eba54010,0x00000000ebb00000)
  to   space 1088K, 0% used [0x00000000ebc90000,0x00000000ebc90000,0x00000000ebda0000)
 PSOldGen        total 27008K, used 18273K [0x00000000c1600000, 0x00000000c3060000, 0x00000000eb200000)
  object space 27008K, 67% used [0x00000000c1600000,0x00000000c27d8608,0x00000000c3060000)
 PSPermGen       total 60480K, used 46966K [0x00000000bc400000, 0x00000000bff10000, 0x00000000c1600000)
  object space 60480K, 77% used [0x00000000bc400000,0x00000000bf1dda20,0x00000000bff10000)

Code Cache  [0x0000000002970000, 0x0000000003300000, 0x0000000005970000)
 total_blobs=2598 nmethods=1885 adapters=671 free_code_cache=39521Kb largest_free_block=40315008

Dynamic libraries:
0x000000013f6b0000 - 0x000000013f6e3000 	C:\Program Files\Java\jdk1.7.0_03\bin\java.exe
0x0000000077750000 - 0x00000000778fc000 	C:\Windows\SYSTEM32\ntdll.dll
0x0000000077170000 - 0x000000007728f000 	C:\Windows\system32\kernel32.dll
0x000007fefdcd0000 - 0x000007fefdd3c000 	C:\Windows\system32\KERNELBASE.dll
0x000007fefe9f0000 - 0x000007fefeacb000 	C:\Windows\system32\ADVAPI32.dll
0x000007feff8b0000 - 0x000007feff94f000 	C:\Windows\system32\msvcrt.dll
0x000007fefdfa0000 - 0x000007fefdfbf000 	C:\Windows\SYSTEM32\sechost.dll
0x000007fefe0a0000 - 0x000007fefe1ce000 	C:\Windows\system32\RPCRT4.dll
0x0000000077070000 - 0x000000007716a000 	C:\Windows\system32\USER32.dll
0x000007fefe2a0000 - 0x000007fefe307000 	C:\Windows\system32\GDI32.dll
0x000007fefe410000 - 0x000007fefe41e000 	C:\Windows\system32\LPK.dll
0x000007fefe1d0000 - 0x000007fefe29a000 	C:\Windows\system32\USP10.dll
0x000007fefc390000 - 0x000007fefc584000 	C:\Windows\WinSxS\amd64_microsoft.windows.common-controls_6595b64144ccf1df_6.0.7600.16661_none_fa62ad231704eab7\COMCTL32.dll
0x000007fefe390000 - 0x000007fefe401000 	C:\Windows\system32\SHLWAPI.dll
0x000007fefe4c0000 - 0x000007fefe4ee000 	C:\Windows\system32\IMM32.DLL
0x000007feff950000 - 0x000007feffa59000 	C:\Windows\system32\MSCTF.dll
0x0000000071b50000 - 0x0000000071c21000 	C:\Program Files\Java\jdk1.7.0_03\jre\bin\msvcr100.dll
0x000000006a1a0000 - 0x000000006a87a000 	C:\Program Files\Java\jdk1.7.0_03\jre\bin\server\jvm.dll
0x000007fef9e70000 - 0x000007fef9e79000 	C:\Windows\system32\WSOCK32.dll
0x000007fefead0000 - 0x000007fefeb1d000 	C:\Windows\system32\WS2_32.dll
0x000007fefdf90000 - 0x000007fefdf98000 	C:\Windows\system32\NSI.dll
0x000007fefb8c0000 - 0x000007fefb8fb000 	C:\Windows\system32\WINMM.dll
0x0000000077920000 - 0x0000000077927000 	C:\Windows\system32\PSAPI.DLL
0x0000000073dc0000 - 0x0000000073dcf000 	C:\Program Files\Java\jdk1.7.0_03\jre\bin\verify.dll
0x0000000072150000 - 0x0000000072178000 	C:\Program Files\Java\jdk1.7.0_03\jre\bin\java.dll
0x0000000071e10000 - 0x0000000071e45000 	C:\Program Files\Java\jdk1.7.0_03\jre\bin\jdwp.dll
0x0000000071860000 - 0x0000000071883000 	C:\Program Files\Java\jdk1.7.0_03\jre\bin\instrument.dll
0x00000000729a0000 - 0x00000000729a8000 	C:\Program Files\Java\jdk1.7.0_03\jre\bin\npt.dll
0x0000000071df0000 - 0x0000000071e05000 	C:\Program Files\Java\jdk1.7.0_03\jre\bin\zip.dll
0x0000000072970000 - 0x0000000072979000 	C:\Program Files\Java\jdk1.7.0_03\jre\bin\dt_socket.dll
0x000007fefd3f0000 - 0x000007fefd444000 	C:\Windows\system32\mswsock.dll
0x000007fefcdb0000 - 0x000007fefcdb7000 	C:\Windows\System32\wshtcpip.dll
0x0000000071840000 - 0x0000000071859000 	C:\Program Files\Java\jdk1.7.0_03\jre\bin\net.dll
0x000007fefd3e0000 - 0x000007fefd3e7000 	C:\Windows\System32\wship6.dll
0x0000000070ed0000 - 0x0000000070ee1000 	C:\Program Files\Java\jdk1.7.0_03\jre\bin\nio.dll
0x000007fefd450000 - 0x000007fefd467000 	C:\Windows\system32\CRYPTSP.dll
0x000007fefd150000 - 0x000007fefd197000 	C:\Windows\system32\rsaenh.dll
0x000007fefcec0000 - 0x000007fefcede000 	C:\Windows\system32\USERENV.dll
0x000007fefdbc0000 - 0x000007fefdbcf000 	C:\Windows\system32\profapi.dll
0x000007fefdaf0000 - 0x000007fefdaff000 	C:\Windows\system32\CRYPTBASE.dll
0x000007fefb790000 - 0x000007fefb7a5000 	C:\Windows\system32\NLAapi.dll
0x000007fefd270000 - 0x000007fefd2cb000 	C:\Windows\system32\DNSAPI.dll
0x000007fef9e30000 - 0x000007fef9e3b000 	C:\Windows\System32\winrnr.dll
0x000007fef9c80000 - 0x000007fef9c95000 	C:\Windows\system32\napinsp.dll
0x000007fef9c60000 - 0x000007fef9c79000 	C:\Windows\system32\pnrpnsp.dll
0x000007fef9e20000 - 0x000007fef9e30000 	C:\Windows\system32\wshbth.dll
0x000007fefa2f0000 - 0x000007fefa31e000 	C:\Program Files\Common Files\Microsoft Shared\Windows Live\WLIDNSP.DLL
0x000007fefafb0000 - 0x000007fefafd7000 	C:\Windows\system32\IPHLPAPI.DLL
0x000007fefafa0000 - 0x000007fefafab000 	C:\Windows\system32\WINNSI.DLL
0x000007fefa2e0000 - 0x000007fefa2e8000 	C:\Windows\system32\rasadhlp.dll
0x000007fefae20000 - 0x000007fefae73000 	C:\Windows\System32\fwpuclnt.dll
0x0000000072140000 - 0x000000007214b000 	C:\Program Files\Java\jdk1.7.0_03\jre\bin\management.dll

VM Arguments:
jvm_args: -javaagent:C:\play-1.2.4\play-1.2.4\framework/play-1.2.4.jar -XX:-UseSplitVerifier -Dfile.encoding=utf-8 -Xdebug -Xrunjdwp:transport=dt_socket,address=8000,server=y,suspend=n -Dplay.debug=yes -Dapplication.path=C:\Users\IDL\workspace\newsmrt\smrt-lbs-new -Dplay.id= 
java_command: play.server.Server 
Launcher Type: SUN_STANDARD

Environment Variables:
JAVA_HOME=C:\Program Files\Java\jdk1.7.0_03
CLASSPATH=.;C:\Program Files (x86)\Java\jre6\lib\ext\QTJava.zip
PATH=C:\Program Files\Common Files\Microsoft Shared\Windows Live;C:\Program Files (x86)\Common Files\Microsoft Shared\Windows Live;C:\Windows\system32;C:\Windows;C:\Windows\System32\Wbem;C:\Windows\System32\WindowsPowerShell\v1.0\;c:\Program Files (x86)\Microsoft SQL Server\100\Tools\Binn\;c:\Program Files\Microsoft SQL Server\100\Tools\Binn\;c:\Program Files\Microsoft SQL Server\100\DTS\Binn\;C:\Program Files (x86)\Windows Live\Shared;C:\Program Files\Intel\WiFi\bin\;C:\Program Files\Common Files\Intel\WirelessCommon\;C:\Program Files\Broadcom\Broadcom 802.11\Driver;C:\Program Files (x86)\Common Files\Ulead Systems\MPEG;C:\Program Files (x86)\QuickTime\QTSystem\;C:\play-1.2.4\play-1.2.4;C:\Program Files\Java\jdk1.7.0_03\bin;C:\xampp\mysql\bin
USERNAME=IDL
OS=Windows_NT
PROCESSOR_IDENTIFIER=Intel64 Family 6 Model 42 Stepping 7, GenuineIntel



---------------  S Y S T E M  ---------------

OS: Windows 7 , 64 bit Build 7600 

CPU:total 4 (2 cores per cpu, 2 threads per core) family 6 model 42 stepping 7, cmov, cx8, fxsr, mmx, sse, sse2, sse3, ssse3, sse4.1, sse4.2, popcnt, ht

Memory: 4k page, physical 4103516k(966920k free), swap 8205128k(3238020k free)

vm_info: Java HotSpot(TM) 64-Bit Server VM (22.1-b02) for windows-amd64 JRE (1.7.0_03-b05), built on Feb  3 2012 20:43:56 by "java_re" with unknown MS VC++:1600

time: Thu May 17 22:12:11 2012
elapsed time: 48671 seconds

