#
# A fatal error has been detected by the Java Runtime Environment:
#
#  EXCEPTION_ACCESS_VIOLATION (0xc0000005) at pc=0x00000000695228cf, pid=4380, tid=2092
#
# JRE version: 7.0_03-b05
# Java VM: Java HotSpot(TM) 64-Bit Server VM (22.1-b02 mixed mode windows-amd64 compressed oops)
# Problematic frame:
# V  [jvm.dll+0x3e28cf]
#
# Failed to write core dump. Minidumps are not enabled by default on client versions of Windows
#
# If you would like to submit a bug report, please visit:
#   http://bugreport.sun.com/bugreport/crash.jsp
#

---------------  T H R E A D  ---------------

Current thread (0x00000000066f9000):  JavaThread "C2 CompilerThread0" daemon [_thread_in_native, id=2092, stack(0x00000000076f0000,0x00000000077f0000)]

siginfo: ExceptionCode=0xc0000005, reading address 0x0000000000000008

Registers:
RAX=0x0000000000000000, RBX=0x00000000077ec7d0, RCX=0x0000000008c2aed0, RDX=0x0000000000000000
RSP=0x00000000077eb980, RBP=0x00000000077ebb30, RSI=0x0000000008925e08, RDI=0x0000000000000000
R8 =0x0000000009154f10, R9 =0x0000000000002000, R10=0x00000000085ec3c0, R11=0x0000000000000000
R12=0x0000000007ea4b80, R13=0x000000000896e188, R14=0x00000000077eba50, R15=0x00000000077eba70
RIP=0x00000000695228cf, EFLAGS=0x0000000000010202

Top of Stack: (sp=0x00000000077eb980)
0x00000000077eb980:   00000000077ec7d0 0000000007ea4b80
0x00000000077eb990:   0000000008d16110 0000000000000000
0x00000000077eb9a0:   0000000007ea4b80 0000000000000002
0x00000000077eb9b0:   00000000089750e8 0000000069523389
0x00000000077eb9c0:   00000000077ebb30 00000000000001a0
0x00000000077eb9d0:   00000000077ebab8 00000000077ebb30
0x00000000077eb9e0:   0000000000000020 0000000009c3b9c0
0x00000000077eb9f0:   0000000000000000 000000000000c020
0x00000000077eba00:   0000000007ecafe0 00000000077ebb30
0x00000000077eba10:   00000000066e9930 0000000000000002
0x00000000077eba20:   00000000077ec7d0 00000000695254f7
0x00000000077eba30:   00000000077ec7d0 0000000000000001
0x00000000077eba40:   0000000000000002 00000000077ebab8
0x00000000077eba50:   00000000066e9930 0000000000000200
0x00000000077eba60:   0000000007ccd6b0 00000000000001a1
0x00000000077eba70:   0000000069684508 00000000066e9930 

Instructions: (pc=0x00000000695228cf)
0x00000000695228af:   48 3b f0 0f 84 87 01 00 00 44 8b 4b 28 0f 1f 40
0x00000000695228bf:   00 41 8b 53 28 4c 8b 83 e0 09 00 00 4d 8b 1c d0
0x00000000695228cf:   49 8b 43 08 48 39 38 75 2d 0f 1f 84 00 00 00 00
0x00000000695228df:   00 41 8b 43 28 41 3b c1 73 0c 8b c8 48 8b 43 30 


Register to memory mapping:

RAX=0x0000000000000000 is an unknown value
RBX=0x00000000077ec7d0 is pointing into the stack for thread: 0x00000000066f9000
RCX=0x0000000008c2aed0 is an unknown value
RDX=0x0000000000000000 is an unknown value
RSP=0x00000000077eb980 is pointing into the stack for thread: 0x00000000066f9000
RBP=0x00000000077ebb30 is pointing into the stack for thread: 0x00000000066f9000
RSI=0x0000000008925e08 is an unknown value
RDI=0x0000000000000000 is an unknown value
R8 =0x0000000009154f10 is an unknown value
R9 =0x0000000000002000 is an unknown value
R10=0x00000000085ec3c0 is an unknown value
R11=0x0000000000000000 is an unknown value
R12=0x0000000007ea4b80 is an unknown value
R13=0x000000000896e188 is an unknown value
R14=0x00000000077eba50 is pointing into the stack for thread: 0x00000000066f9000
R15=0x00000000077eba70 is pointing into the stack for thread: 0x00000000066f9000


Stack: [0x00000000076f0000,0x00000000077f0000],  sp=0x00000000077eb980,  free space=1006k
Native frames: (J=compiled Java code, j=interpreted, Vv=VM code, C=native code)
V  [jvm.dll+0x3e28cf]


Current CompileTask:
C2:22128681 2042             jregex.Pretokenizer::next (1064 bytes)


---------------  P R O C E S S  ---------------

Java Threads: ( => current thread )
  0x0000000007d80000 JavaThread "net.sf.ehcache.CacheManager@7701ab8b" daemon [_thread_blocked, id=5888, stack(0x000000000b270000,0x000000000b370000)]
  0x000000000801e000 JavaThread "jobs-thread-1" [_thread_blocked, id=1176, stack(0x000000000ad10000,0x000000000ae10000)]
  0x0000000007f77000 JavaThread "com.mchange.v2.async.ThreadPoolAsynchronousRunner$PoolThread-#2" daemon [_thread_blocked, id=3800, stack(0x0000000007a40000,0x0000000007b40000)]
  0x0000000007cc5000 JavaThread "com.mchange.v2.async.ThreadPoolAsynchronousRunner$PoolThread-#1" daemon [_thread_blocked, id=3368, stack(0x000000000b150000,0x000000000b250000)]
  0x00000000084a8000 JavaThread "com.mchange.v2.async.ThreadPoolAsynchronousRunner$PoolThread-#0" daemon [_thread_blocked, id=5752, stack(0x000000000afb0000,0x000000000b0b0000)]
  0x0000000009355800 JavaThread "Timer-0" daemon [_thread_blocked, id=4396, stack(0x000000000ae40000,0x000000000af40000)]
  0x00000000087f0800 JavaThread "play-thread-1" [_thread_blocked, id=3792, stack(0x0000000009a00000,0x0000000009b00000)]
  0x00000000023a8000 JavaThread "DestroyJavaVM" [_thread_blocked, id=5060, stack(0x0000000002730000,0x0000000002830000)]
  0x00000000088e5000 JavaThread "New I/O server boss #1 ([id: 0x4aed7209, /0:0:0:0:0:0:0:0:9000])" [_thread_in_native, id=1548, stack(0x00000000075b0000,0x00000000076b0000)]
  0x00000000066fd800 JavaThread "Service Thread" daemon [_thread_blocked, id=3880, stack(0x0000000007940000,0x0000000007a40000)]
  0x00000000066fa800 JavaThread "C2 CompilerThread1" daemon [_thread_blocked, id=4468, stack(0x00000000077f0000,0x00000000078f0000)]
=>0x00000000066f9000 JavaThread "C2 CompilerThread0" daemon [_thread_in_native, id=2092, stack(0x00000000076f0000,0x00000000077f0000)]
  0x00000000066ee800 JavaThread "JDWP Event Helper Thread" daemon [_thread_blocked, id=3576, stack(0x00000000074a0000,0x00000000075a0000)]
  0x00000000066ed800 JavaThread "JDWP Transport Listener: dt_socket" daemon [_thread_in_native, id=332, stack(0x00000000073a0000,0x00000000074a0000)]
  0x00000000066bd800 JavaThread "Attach Listener" daemon [_thread_blocked, id=2996, stack(0x00000000070d0000,0x00000000071d0000)]
  0x00000000066b8800 JavaThread "Signal Dispatcher" daemon [_thread_blocked, id=5608, stack(0x0000000006f20000,0x0000000007020000)]
  0x000000000246c000 JavaThread "Finalizer" daemon [_thread_blocked, id=3108, stack(0x0000000006e10000,0x0000000006f10000)]
  0x0000000002465000 JavaThread "Reference Handler" daemon [_thread_blocked, id=3096, stack(0x0000000006c20000,0x0000000006d20000)]

Other Threads:
  0x000000000245c000 VMThread [stack: 0x0000000006b20000,0x0000000006c20000] [id=3144]
  0x0000000006746800 WatcherThread [stack: 0x0000000007b50000,0x0000000007c50000] [id=432]

VM state:at safepoint (normal execution)

VM Mutex/Monitor currently owned by a thread:  ([mutex/lock_event])
[0x000000000010de30] Threads_lock - owner thread: 0x000000000245c000
[0x000000000010e330] Heap_lock - owner thread: 0x000000000801e000

Heap
 PSYoungGen      total 8512K, used 8380K [0x00000000eb200000, 0x00000000ebd60000, 0x0000000100000000)
  eden space 7232K, 100% used [0x00000000eb200000,0x00000000eb910000,0x00000000eb910000)
  from space 1280K, 89% used [0x00000000eb910000,0x00000000eba2f110,0x00000000eba50000)
  to   space 1472K, 45% used [0x00000000ebbf0000,0x00000000ebc98000,0x00000000ebd60000)
 PSOldGen        total 28928K, used 16342K [0x00000000c1600000, 0x00000000c3240000, 0x00000000eb200000)
  object space 28928K, 56% used [0x00000000c1600000,0x00000000c25f5888,0x00000000c3240000)
 PSPermGen       total 83968K, used 52618K [0x00000000bc400000, 0x00000000c1600000, 0x00000000c1600000)
  object space 83968K, 62% used [0x00000000bc400000,0x00000000bf762bc0,0x00000000c1600000)

Code Cache  [0x0000000002930000, 0x00000000032d0000, 0x0000000005930000)
 total_blobs=2650 nmethods=1939 adapters=669 free_code_cache=39506Kb largest_free_block=40253312

Dynamic libraries:
0x000000013f4f0000 - 0x000000013f523000 	C:\Program Files\Java\jdk1.7.0_03\bin\java.exe
0x00000000772c0000 - 0x000000007746c000 	C:\Windows\SYSTEM32\ntdll.dll
0x0000000076f50000 - 0x000000007706f000 	C:\Windows\system32\kernel32.dll
0x000007fefd800000 - 0x000007fefd86c000 	C:\Windows\system32\KERNELBASE.dll
0x000007fefee60000 - 0x000007fefef3b000 	C:\Windows\system32\ADVAPI32.dll
0x000007feff530000 - 0x000007feff5cf000 	C:\Windows\system32\msvcrt.dll
0x000007fefdc70000 - 0x000007fefdc8f000 	C:\Windows\SYSTEM32\sechost.dll
0x000007fefdc90000 - 0x000007fefddbe000 	C:\Windows\system32\RPCRT4.dll
0x0000000077070000 - 0x000000007716a000 	C:\Windows\system32\USER32.dll
0x000007fefdc00000 - 0x000007fefdc67000 	C:\Windows\system32\GDI32.dll
0x000007fefef40000 - 0x000007fefef4e000 	C:\Windows\system32\LPK.dll
0x000007fefef50000 - 0x000007feff01a000 	C:\Windows\system32\USP10.dll
0x000007fefbf00000 - 0x000007fefc0f4000 	C:\Windows\WinSxS\amd64_microsoft.windows.common-controls_6595b64144ccf1df_6.0.7600.16661_none_fa62ad231704eab7\COMCTL32.dll
0x000007feff2d0000 - 0x000007feff341000 	C:\Windows\system32\SHLWAPI.dll
0x000007fefdbd0000 - 0x000007fefdbfe000 	C:\Windows\system32\IMM32.DLL
0x000007fefed50000 - 0x000007fefee59000 	C:\Windows\system32\MSCTF.dll
0x000000006caa0000 - 0x000000006cb71000 	C:\Program Files\Java\jdk1.7.0_03\jre\bin\msvcr100.dll
0x0000000069140000 - 0x000000006981a000 	C:\Program Files\Java\jdk1.7.0_03\jre\bin\server\jvm.dll
0x000007fef99e0000 - 0x000007fef99e9000 	C:\Windows\system32\WSOCK32.dll
0x000007fefde90000 - 0x000007fefdedd000 	C:\Windows\system32\WS2_32.dll
0x000007fefdbc0000 - 0x000007fefdbc8000 	C:\Windows\system32\NSI.dll
0x000007fefb620000 - 0x000007fefb65b000 	C:\Windows\system32\WINMM.dll
0x0000000077480000 - 0x0000000077487000 	C:\Windows\system32\PSAPI.DLL
0x0000000074810000 - 0x000000007481f000 	C:\Program Files\Java\jdk1.7.0_03\jre\bin\verify.dll
0x00000000747e0000 - 0x0000000074808000 	C:\Program Files\Java\jdk1.7.0_03\jre\bin\java.dll
0x00000000747a0000 - 0x00000000747d5000 	C:\Program Files\Java\jdk1.7.0_03\jre\bin\jdwp.dll
0x0000000074770000 - 0x0000000074793000 	C:\Program Files\Java\jdk1.7.0_03\jre\bin\instrument.dll
0x0000000074760000 - 0x0000000074768000 	C:\Program Files\Java\jdk1.7.0_03\jre\bin\npt.dll
0x0000000074740000 - 0x0000000074755000 	C:\Program Files\Java\jdk1.7.0_03\jre\bin\zip.dll
0x0000000074730000 - 0x0000000074739000 	C:\Program Files\Java\jdk1.7.0_03\jre\bin\dt_socket.dll
0x000007fefcf60000 - 0x000007fefcfb4000 	C:\Windows\system32\mswsock.dll
0x000007fefc920000 - 0x000007fefc927000 	C:\Windows\System32\wshtcpip.dll
0x00000000719b0000 - 0x00000000719c9000 	C:\Program Files\Java\jdk1.7.0_03\jre\bin\net.dll
0x000007fefcf50000 - 0x000007fefcf57000 	C:\Windows\System32\wship6.dll
0x0000000071990000 - 0x00000000719a1000 	C:\Program Files\Java\jdk1.7.0_03\jre\bin\nio.dll
0x000007fefcfc0000 - 0x000007fefcfd7000 	C:\Windows\system32\CRYPTSP.dll
0x000007fefccc0000 - 0x000007fefcd07000 	C:\Windows\system32\rsaenh.dll
0x000007fefca30000 - 0x000007fefca4e000 	C:\Windows\system32\USERENV.dll
0x000007fefd730000 - 0x000007fefd73f000 	C:\Windows\system32\profapi.dll
0x000007fefd660000 - 0x000007fefd66f000 	C:\Windows\system32\CRYPTBASE.dll
0x000007fefb660000 - 0x000007fefb675000 	C:\Windows\system32\NLAapi.dll
0x000007fefcde0000 - 0x000007fefce3b000 	C:\Windows\system32\DNSAPI.dll
0x000007fef99a0000 - 0x000007fef99ab000 	C:\Windows\System32\winrnr.dll
0x000007fef97f0000 - 0x000007fef9805000 	C:\Windows\system32\napinsp.dll
0x000007fef97d0000 - 0x000007fef97e9000 	C:\Windows\system32\pnrpnsp.dll
0x000007fef9990000 - 0x000007fef99a0000 	C:\Windows\system32\wshbth.dll
0x000007fef9e60000 - 0x000007fef9e8e000 	C:\Program Files\Common Files\Microsoft Shared\Windows Live\WLIDNSP.DLL
0x000007fefab20000 - 0x000007fefab47000 	C:\Windows\system32\IPHLPAPI.DLL
0x000007fefab10000 - 0x000007fefab1b000 	C:\Windows\system32\WINNSI.DLL
0x000007fef9e50000 - 0x000007fef9e58000 	C:\Windows\system32\rasadhlp.dll
0x000007fefa9f0000 - 0x000007fefaa43000 	C:\Windows\System32\fwpuclnt.dll
0x0000000074720000 - 0x000000007472b000 	C:\Program Files\Java\jdk1.7.0_03\jre\bin\management.dll

VM Arguments:
jvm_args: -javaagent:C:\play-1.2.4\play-1.2.4\framework/play-1.2.4.jar -XX:-UseSplitVerifier -Dfile.encoding=utf-8 -Xdebug -Xrunjdwp:transport=dt_socket,address=8000,server=y,suspend=n -Dplay.debug=yes -Dapplication.path=C:\Users\IDL\workspace\newsmrt\smrt-lbs-new -Dplay.id= 
java_command: play.server.Server 
Launcher Type: SUN_STANDARD

Environment Variables:
JAVA_HOME=C:\Program Files\Java\jdk1.7.0_03
CLASSPATH=.;C:\Program Files (x86)\Java\jre6\lib\ext\QTJava.zip
PATH=C:\Program Files\Common Files\Microsoft Shared\Windows Live;C:\Program Files (x86)\Common Files\Microsoft Shared\Windows Live;C:\Windows\system32;C:\Windows;C:\Windows\System32\Wbem;C:\Windows\System32\WindowsPowerShell\v1.0\;c:\Program Files (x86)\Microsoft SQL Server\100\Tools\Binn\;c:\Program Files\Microsoft SQL Server\100\Tools\Binn\;c:\Program Files\Microsoft SQL Server\100\DTS\Binn\;C:\Program Files (x86)\Windows Live\Shared;C:\Program Files\Intel\WiFi\bin\;C:\Program Files\Common Files\Intel\WirelessCommon\;C:\Program Files\Broadcom\Broadcom 802.11\Driver;C:\Program Files (x86)\Common Files\Ulead Systems\MPEG;C:\Program Files (x86)\QuickTime\QTSystem\;C:\play-1.2.4\play-1.2.4;C:\Program Files\Java\jdk1.7.0_03\bin;C:\xampp\mysql\bin
USERNAME=IDL
OS=Windows_NT
PROCESSOR_IDENTIFIER=Intel64 Family 6 Model 42 Stepping 7, GenuineIntel



---------------  S Y S T E M  ---------------

OS: Windows 7 , 64 bit Build 7600 

CPU:total 4 (2 cores per cpu, 2 threads per core) family 6 model 42 stepping 7, cmov, cx8, fxsr, mmx, sse, sse2, sse3, ssse3, sse4.1, sse4.2, popcnt, ht

Memory: 4k page, physical 4103516k(1042348k free), swap 8205128k(4359748k free)

vm_info: Java HotSpot(TM) 64-Bit Server VM (22.1-b02) for windows-amd64 JRE (1.7.0_03-b05), built on Feb  3 2012 20:43:56 by "java_re" with unknown MS VC++:1600

time: Mon May 14 16:23:31 2012
elapsed time: 22128 seconds

