#
# A fatal error has been detected by the Java Runtime Environment:
#
#  EXCEPTION_ACCESS_VIOLATION (0xc0000005) at pc=0x0000000067fa28cf, pid=3560, tid=6564
#
# JRE version: 7.0_03-b05
# Java VM: Java HotSpot(TM) 64-Bit Server VM (22.1-b02 mixed mode windows-amd64 compressed oops)
# Problematic frame:
# V  [jvm.dll+0x3e28cf]
#
# Failed to write core dump. Minidumps are not enabled by default on client versions of Windows
#
# If you would like to submit a bug report, please visit:
#   http://bugreport.sun.com/bugreport/crash.jsp
#

---------------  T H R E A D  ---------------

Current thread (0x0000000006422000):  JavaThread "C2 CompilerThread1" daemon [_thread_in_native, id=6564, stack(0x0000000007350000,0x0000000007450000)]

siginfo: ExceptionCode=0xc0000005, reading address 0x0000000000000008

Registers:
RAX=0x0000000000000000, RBX=0x000000000744cab0, RCX=0x0000000007a3a1c0, RDX=0x0000000000000000
RSP=0x000000000744bc60, RBP=0x000000000744be10, RSI=0x0000000009a348a8, RDI=0x0000000000000000
R8 =0x00000000082b8a40, R9 =0x0000000000002000, R10=0x00000000080c1d80, R11=0x0000000000000000
R12=0x0000000008008bf0, R13=0x0000000008a3f3f0, R14=0x000000000744bd30, R15=0x000000000744bd50
RIP=0x0000000067fa28cf, EFLAGS=0x0000000000010206

Top of Stack: (sp=0x000000000744bc60)
0x000000000744bc60:   000000000744cab0 0000000008008bf0
0x000000000744bc70:   00000000088307e0 0000000000000000
0x000000000744bc80:   0000000008008bf0 0000000000000002
0x000000000744bc90:   0000000009f0fc18 0000000067fa3389
0x000000000744bca0:   000000000744be10 0000000000000183
0x000000000744bcb0:   000000000744bd98 000000000744be10
0x000000000744bcc0:   0000000000000020 000000000d0d2338
0x000000000744bcd0:   0000000000000000 000000000000b310
0x000000000744bce0:   0000000008eeb340 000000000744be10
0x000000000744bcf0:   0000000006407650 0000000000000002
0x000000000744bd00:   000000000744cab0 0000000067fa54f7
0x000000000744bd10:   000000000744cab0 0000000000000001
0x000000000744bd20:   0000000000000002 000000000744bd98
0x000000000744bd30:   0000000006407650 0000000000000200
0x000000000744bd40:   00000000080bb550 0000000000000184
0x000000000744bd50:   0000000068104508 0000000006407650 

Instructions: (pc=0x0000000067fa28cf)
0x0000000067fa28af:   48 3b f0 0f 84 87 01 00 00 44 8b 4b 28 0f 1f 40
0x0000000067fa28bf:   00 41 8b 53 28 4c 8b 83 e0 09 00 00 4d 8b 1c d0
0x0000000067fa28cf:   49 8b 43 08 48 39 38 75 2d 0f 1f 84 00 00 00 00
0x0000000067fa28df:   00 41 8b 43 28 41 3b c1 73 0c 8b c8 48 8b 43 30 


Register to memory mapping:

RAX=0x0000000000000000 is an unknown value
RBX=0x000000000744cab0 is pointing into the stack for thread: 0x0000000006422000
RCX=0x0000000007a3a1c0 is an unknown value
RDX=0x0000000000000000 is an unknown value
RSP=0x000000000744bc60 is pointing into the stack for thread: 0x0000000006422000
RBP=0x000000000744be10 is pointing into the stack for thread: 0x0000000006422000
RSI=0x0000000009a348a8 is an unknown value
RDI=0x0000000000000000 is an unknown value
R8 =0x00000000082b8a40 is an unknown value
R9 =0x0000000000002000 is an unknown value
R10=0x00000000080c1d80 is an unknown value
R11=0x0000000000000000 is an unknown value
R12=0x0000000008008bf0 is an unknown value
R13=0x0000000008a3f3f0 is an unknown value
R14=0x000000000744bd30 is pointing into the stack for thread: 0x0000000006422000
R15=0x000000000744bd50 is pointing into the stack for thread: 0x0000000006422000


Stack: [0x0000000007350000,0x0000000007450000],  sp=0x000000000744bc60,  free space=1007k
Native frames: (J=compiled Java code, j=interpreted, Vv=VM code, C=native code)
V  [jvm.dll+0x3e28cf]


Current CompileTask:
C2:7291910 1765             jregex.Pretokenizer::next (1064 bytes)


---------------  P R O C E S S  ---------------

Java Threads: ( => current thread )
  0x0000000007b81000 JavaThread "net.sf.ehcache.CacheManager@52ecfb9a" daemon [_thread_blocked, id=3144, stack(0x000000000b2c0000,0x000000000b3c0000)]
  0x0000000008ad4800 JavaThread "jobs-thread-7" [_thread_in_Java, id=6584, stack(0x000000000c230000,0x000000000c330000)]
  0x0000000007b86000 JavaThread "pool-2-thread-50" [_thread_blocked, id=4940, stack(0x000000000b7f0000,0x000000000b8f0000)]
  0x0000000007b81800 JavaThread "pool-2-thread-49" [_thread_blocked, id=1168, stack(0x000000000b480000,0x000000000b580000)]
  0x0000000007b80800 JavaThread "pool-2-thread-47" [_thread_blocked, id=3964, stack(0x000000000ac50000,0x000000000ad50000)]
  0x0000000008ad2800 JavaThread "pool-2-thread-43" [_thread_blocked, id=6888, stack(0x000000000bad0000,0x000000000bbd0000)]
  0x0000000007ee9000 JavaThread "com.mchange.v2.async.ThreadPoolAsynchronousRunner$PoolThread-#2" daemon [_thread_blocked, id=3424, stack(0x000000000b140000,0x000000000b240000)]
  0x0000000009042000 JavaThread "com.mchange.v2.async.ThreadPoolAsynchronousRunner$PoolThread-#1" daemon [_thread_blocked, id=5540, stack(0x000000000b030000,0x000000000b130000)]
  0x0000000007a5d800 JavaThread "com.mchange.v2.async.ThreadPoolAsynchronousRunner$PoolThread-#0" daemon [_thread_blocked, id=5988, stack(0x000000000aee0000,0x000000000afe0000)]
  0x0000000007a60000 JavaThread "Timer-0" daemon [_thread_blocked, id=3200, stack(0x000000000ada0000,0x000000000aea0000)]
  0x0000000008905800 JavaThread "play-thread-1" [_thread_blocked, id=1972, stack(0x0000000009690000,0x0000000009790000)]
  0x0000000002058000 JavaThread "DestroyJavaVM" [_thread_blocked, id=4452, stack(0x00000000024b0000,0x00000000025b0000)]
  0x00000000081b8000 JavaThread "New I/O server boss #1 ([id: 0x51cc87e3, /0:0:0:0:0:0:0:0:9000])" [_thread_in_native, id=6700, stack(0x00000000094a0000,0x00000000095a0000)]
  0x0000000006423000 JavaThread "Service Thread" daemon [_thread_blocked, id=480, stack(0x00000000074d0000,0x00000000075d0000)]
=>0x0000000006422000 JavaThread "C2 CompilerThread1" daemon [_thread_in_native, id=6564, stack(0x0000000007350000,0x0000000007450000)]
  0x0000000006418000 JavaThread "C2 CompilerThread0" daemon [_thread_blocked, id=3312, stack(0x0000000007110000,0x0000000007210000)]
  0x000000000640d800 JavaThread "JDWP Event Helper Thread" daemon [_thread_blocked, id=7108, stack(0x0000000006cf0000,0x0000000006df0000)]
  0x00000000063fe800 JavaThread "JDWP Transport Listener: dt_socket" daemon [_thread_in_native, id=2412, stack(0x0000000006f80000,0x0000000007080000)]
  0x00000000063d8800 JavaThread "Attach Listener" daemon [_thread_blocked, id=4692, stack(0x0000000006df0000,0x0000000006ef0000)]
  0x00000000063d3800 JavaThread "Signal Dispatcher" daemon [_thread_blocked, id=6504, stack(0x0000000006b90000,0x0000000006c90000)]
  0x0000000002118800 JavaThread "Finalizer" daemon [_thread_blocked, id=236, stack(0x00000000069e0000,0x0000000006ae0000)]
  0x0000000002111800 JavaThread "Reference Handler" daemon [_thread_blocked, id=1928, stack(0x00000000067c0000,0x00000000068c0000)]

Other Threads:
  0x0000000002108000 VMThread [stack: 0x0000000006680000,0x0000000006780000] [id=5488]
  0x000000000646c800 WatcherThread [stack: 0x0000000007670000,0x0000000007770000] [id=5960]

VM state:not at safepoint (normal execution)

VM Mutex/Monitor currently owned by a thread: None

Heap
 PSYoungGen      total 7680K, used 4218K [0x00000000eb200000, 0x00000000ebc10000, 0x0000000100000000)
  eden space 7296K, 89% used [0x00000000eb200000,0x00000000eb8600d8,0x00000000eb920000)
  from space 384K, 100% used [0x00000000eb920000,0x00000000eb980000,0x00000000eb980000)
  to   space 768K, 0% used [0x00000000ebb50000,0x00000000ebb50000,0x00000000ebc10000)
 PSOldGen        total 36736K, used 27029K [0x00000000c1600000, 0x00000000c39e0000, 0x00000000eb200000)
  object space 36736K, 73% used [0x00000000c1600000,0x00000000c30656c0,0x00000000c39e0000)
 PSPermGen       total 54464K, used 54291K [0x00000000bc400000, 0x00000000bf930000, 0x00000000c1600000)
  object space 54464K, 99% used [0x00000000bc400000,0x00000000bf904fe8,0x00000000bf930000)

Code Cache  [0x00000000025b0000, 0x0000000002d30000, 0x00000000055b0000)
 total_blobs=2385 nmethods=1675 adapters=669 free_code_cache=41726Kb largest_free_block=42480000

Dynamic libraries:
0x000000013f100000 - 0x000000013f133000 	C:\Program Files\Java\jdk1.7.0_03\bin\java.exe
0x0000000077bd0000 - 0x0000000077d7c000 	C:\Windows\SYSTEM32\ntdll.dll
0x0000000077640000 - 0x000000007775f000 	C:\Windows\system32\kernel32.dll
0x000007fefe190000 - 0x000007fefe1fc000 	C:\Windows\system32\KERNELBASE.dll
0x000007feff370000 - 0x000007feff44b000 	C:\Windows\system32\ADVAPI32.dll
0x000007feffe40000 - 0x000007feffedf000 	C:\Windows\system32\msvcrt.dll
0x000007feffa00000 - 0x000007feffa1f000 	C:\Windows\SYSTEM32\sechost.dll
0x000007feff770000 - 0x000007feff89e000 	C:\Windows\system32\RPCRT4.dll
0x0000000077970000 - 0x0000000077a6a000 	C:\Windows\system32\USER32.dll
0x000007feffd80000 - 0x000007feffde7000 	C:\Windows\system32\GDI32.dll
0x000007feffa30000 - 0x000007feffa3e000 	C:\Windows\system32\LPK.dll
0x000007feff220000 - 0x000007feff2ea000 	C:\Windows\system32\USP10.dll
0x000007fefc7b0000 - 0x000007fefc9a4000 	C:\Windows\WinSxS\amd64_microsoft.windows.common-controls_6595b64144ccf1df_6.0.7600.16661_none_fa62ad231704eab7\COMCTL32.dll
0x000007feff1a0000 - 0x000007feff211000 	C:\Windows\system32\SHLWAPI.dll
0x000007feff2f0000 - 0x000007feff31e000 	C:\Windows\system32\IMM32.DLL
0x000007feff660000 - 0x000007feff769000 	C:\Windows\system32\MSCTF.dll
0x00000000751e0000 - 0x00000000752b1000 	C:\Program Files\Java\jdk1.7.0_03\jre\bin\msvcr100.dll
0x0000000067bc0000 - 0x000000006829a000 	C:\Program Files\Java\jdk1.7.0_03\jre\bin\server\jvm.dll
0x000007fefa2f0000 - 0x000007fefa2f9000 	C:\Windows\system32\WSOCK32.dll
0x000007feff320000 - 0x000007feff36d000 	C:\Windows\system32\WS2_32.dll
0x000007feffa20000 - 0x000007feffa28000 	C:\Windows\system32\NSI.dll
0x000007fefbc70000 - 0x000007fefbcab000 	C:\Windows\system32\WINMM.dll
0x0000000077da0000 - 0x0000000077da7000 	C:\Windows\system32\PSAPI.DLL
0x0000000075330000 - 0x000000007533f000 	C:\Program Files\Java\jdk1.7.0_03\jre\bin\verify.dll
0x0000000075300000 - 0x0000000075328000 	C:\Program Files\Java\jdk1.7.0_03\jre\bin\java.dll
0x0000000075110000 - 0x0000000075145000 	C:\Program Files\Java\jdk1.7.0_03\jre\bin\jdwp.dll
0x00000000750c0000 - 0x00000000750e3000 	C:\Program Files\Java\jdk1.7.0_03\jre\bin\instrument.dll
0x00000000751d0000 - 0x00000000751d8000 	C:\Program Files\Java\jdk1.7.0_03\jre\bin\npt.dll
0x00000000750a0000 - 0x00000000750b5000 	C:\Program Files\Java\jdk1.7.0_03\jre\bin\zip.dll
0x00000000751c0000 - 0x00000000751c9000 	C:\Program Files\Java\jdk1.7.0_03\jre\bin\dt_socket.dll
0x000007fefd870000 - 0x000007fefd8c4000 	C:\Windows\system32\mswsock.dll
0x000007fefd230000 - 0x000007fefd237000 	C:\Windows\System32\wshtcpip.dll
0x0000000074f70000 - 0x0000000074f89000 	C:\Program Files\Java\jdk1.7.0_03\jre\bin\net.dll
0x000007fefd860000 - 0x000007fefd867000 	C:\Windows\System32\wship6.dll
0x0000000074f50000 - 0x0000000074f61000 	C:\Program Files\Java\jdk1.7.0_03\jre\bin\nio.dll
0x000007fefd8d0000 - 0x000007fefd8e7000 	C:\Windows\system32\CRYPTSP.dll
0x000007fefd5d0000 - 0x000007fefd617000 	C:\Windows\system32\rsaenh.dll
0x000007fefd340000 - 0x000007fefd35e000 	C:\Windows\system32\USERENV.dll
0x000007fefe040000 - 0x000007fefe04f000 	C:\Windows\system32\profapi.dll
0x000007fefdf70000 - 0x000007fefdf7f000 	C:\Windows\system32\CRYPTBASE.dll
0x000007fefbc50000 - 0x000007fefbc65000 	C:\Windows\system32\NLAapi.dll
0x000007fefd6f0000 - 0x000007fefd74b000 	C:\Windows\system32\DNSAPI.dll
0x000007fefa2b0000 - 0x000007fefa2bb000 	C:\Windows\System32\winrnr.dll
0x000007fefa100000 - 0x000007fefa115000 	C:\Windows\system32\napinsp.dll
0x000007fefa0e0000 - 0x000007fefa0f9000 	C:\Windows\system32\pnrpnsp.dll
0x000007fefa2a0000 - 0x000007fefa2b0000 	C:\Windows\system32\wshbth.dll
0x000007fefa770000 - 0x000007fefa79e000 	C:\Program Files\Common Files\Microsoft Shared\Windows Live\WLIDNSP.DLL
0x000007fefb430000 - 0x000007fefb457000 	C:\Windows\system32\IPHLPAPI.DLL
0x000007fefb420000 - 0x000007fefb42b000 	C:\Windows\system32\WINNSI.DLL
0x000007fefa760000 - 0x000007fefa768000 	C:\Windows\system32\rasadhlp.dll
0x000007fefb2c0000 - 0x000007fefb313000 	C:\Windows\System32\fwpuclnt.dll
0x00000000751b0000 - 0x00000000751bb000 	C:\Program Files\Java\jdk1.7.0_03\jre\bin\management.dll

VM Arguments:
jvm_args: -javaagent:C:\play-1.2.4\play-1.2.4\framework/play-1.2.4.jar -XX:-UseSplitVerifier -Dfile.encoding=utf-8 -Xdebug -Xrunjdwp:transport=dt_socket,address=8000,server=y,suspend=n -Dplay.debug=yes -Dapplication.path=C:\Users\IDL\workspace\newsmrt\smrt-lbs-new -Dplay.id= 
java_command: play.server.Server 
Launcher Type: SUN_STANDARD

Environment Variables:
JAVA_HOME=C:\Program Files\Java\jdk1.7.0_03
CLASSPATH=.;C:\Program Files (x86)\Java\jre6\lib\ext\QTJava.zip
PATH=C:\Program Files\Common Files\Microsoft Shared\Windows Live;C:\Program Files (x86)\Common Files\Microsoft Shared\Windows Live;C:\Windows\system32;C:\Windows;C:\Windows\System32\Wbem;C:\Windows\System32\WindowsPowerShell\v1.0\;c:\Program Files (x86)\Microsoft SQL Server\100\Tools\Binn\;c:\Program Files\Microsoft SQL Server\100\Tools\Binn\;c:\Program Files\Microsoft SQL Server\100\DTS\Binn\;C:\Program Files (x86)\Windows Live\Shared;C:\Program Files\Intel\WiFi\bin\;C:\Program Files\Common Files\Intel\WirelessCommon\;C:\Program Files\Broadcom\Broadcom 802.11\Driver;C:\Program Files (x86)\Common Files\Ulead Systems\MPEG;C:\Program Files (x86)\QuickTime\QTSystem\;C:\play-1.2.4\play-1.2.4;C:\Program Files\Java\jdk1.7.0_03\bin;C:\xampp\mysql\bin
USERNAME=IDL
OS=Windows_NT
PROCESSOR_IDENTIFIER=Intel64 Family 6 Model 42 Stepping 7, GenuineIntel



---------------  S Y S T E M  ---------------

OS: Windows 7 , 64 bit Build 7600 

CPU:total 4 (2 cores per cpu, 2 threads per core) family 6 model 42 stepping 7, cmov, cx8, fxsr, mmx, sse, sse2, sse3, ssse3, sse4.1, sse4.2, popcnt, ht

Memory: 4k page, physical 4103516k(1480472k free), swap 8205128k(5193764k free)

vm_info: Java HotSpot(TM) 64-Bit Server VM (22.1-b02) for windows-amd64 JRE (1.7.0_03-b05), built on Feb  3 2012 20:43:56 by "java_re" with unknown MS VC++:1600

time: Thu May 10 15:05:19 2012
elapsed time: 7291 seconds

