#
# A fatal error has been detected by the Java Runtime Environment:
#
#  EXCEPTION_ACCESS_VIOLATION (0xc0000005) at pc=0x00000000672a28cf, pid=5804, tid=6048
#
# JRE version: 7.0_03-b05
# Java VM: Java HotSpot(TM) 64-Bit Server VM (22.1-b02 mixed mode windows-amd64 compressed oops)
# Problematic frame:
# V  [jvm.dll+0x3e28cf]
#
# Failed to write core dump. Minidumps are not enabled by default on client versions of Windows
#
# If you would like to submit a bug report, please visit:
#   http://bugreport.sun.com/bugreport/crash.jsp
#

---------------  T H R E A D  ---------------

Current thread (0x0000000006552800):  JavaThread "C2 CompilerThread1" daemon [_thread_in_native, id=6048, stack(0x00000000077c0000,0x00000000078c0000)]

siginfo: ExceptionCode=0xc0000005, reading address 0x0000000000000008

Registers:
RAX=0x0000000000000000, RBX=0x00000000078bcae0, RCX=0x000000000a700a20, RDX=0x0000000000000000
RSP=0x00000000078bbc90, RBP=0x00000000078bbe40, RSI=0x0000000009351378, RDI=0x0000000000000000
R8 =0x0000000007e23b40, R9 =0x0000000000002000, R10=0x0000000008c74030, R11=0x0000000000000000
R12=0x0000000009077670, R13=0x0000000007f52740, R14=0x00000000078bbd60, R15=0x00000000078bbd80
RIP=0x00000000672a28cf, EFLAGS=0x0000000000010206

Top of Stack: (sp=0x00000000078bbc90)
0x00000000078bbc90:   00000000078bcae0 0000000009077670
0x00000000078bbca0:   000000000d05b140 0000000000000000
0x00000000078bbcb0:   0000000009077670 0000000000000002
0x00000000078bbcc0:   0000000007ee18e8 00000000672a3389
0x00000000078bbcd0:   00000000078bbe40 0000000000000183
0x00000000078bbce0:   00000000078bbdc8 00000000078bbe40
0x00000000078bbcf0:   0000000000000020 00000000081c98c8
0x00000000078bbd00:   0000000000000000 000000000000b310
0x00000000078bbd10:   000000000656b800 00000000078bbe40
0x00000000078bbd20:   00000000065377d0 0000000000000002
0x00000000078bbd30:   00000000078bcae0 00000000672a54f7
0x00000000078bbd40:   00000000078bcae0 0000000000000001
0x00000000078bbd50:   0000000000000002 00000000078bbdc8
0x00000000078bbd60:   00000000065377d0 0000000000000200
0x00000000078bbd70:   0000000007e81ce0 0000000000000184
0x00000000078bbd80:   0000000067404508 00000000065377d0 

Instructions: (pc=0x00000000672a28cf)
0x00000000672a28af:   48 3b f0 0f 84 87 01 00 00 44 8b 4b 28 0f 1f 40
0x00000000672a28bf:   00 41 8b 53 28 4c 8b 83 e0 09 00 00 4d 8b 1c d0
0x00000000672a28cf:   49 8b 43 08 48 39 38 75 2d 0f 1f 84 00 00 00 00
0x00000000672a28df:   00 41 8b 43 28 41 3b c1 73 0c 8b c8 48 8b 43 30 


Register to memory mapping:

RAX=0x0000000000000000 is an unknown value
RBX=0x00000000078bcae0 is pointing into the stack for thread: 0x0000000006552800
RCX=0x000000000a700a20 is an unknown value
RDX=0x0000000000000000 is an unknown value
RSP=0x00000000078bbc90 is pointing into the stack for thread: 0x0000000006552800
RBP=0x00000000078bbe40 is pointing into the stack for thread: 0x0000000006552800
RSI=0x0000000009351378 is an unknown value
RDI=0x0000000000000000 is an unknown value
R8 =0x0000000007e23b40 is an unknown value
R9 =0x0000000000002000 is an unknown value
R10=0x0000000008c74030 is an unknown value
R11=0x0000000000000000 is an unknown value
R12=0x0000000009077670 is an unknown value
R13=0x0000000007f52740 is an unknown value
R14=0x00000000078bbd60 is pointing into the stack for thread: 0x0000000006552800
R15=0x00000000078bbd80 is pointing into the stack for thread: 0x0000000006552800


Stack: [0x00000000077c0000,0x00000000078c0000],  sp=0x00000000078bbc90,  free space=1007k
Native frames: (J=compiled Java code, j=interpreted, Vv=VM code, C=native code)
V  [jvm.dll+0x3e28cf]


Current CompileTask:
C2:11410252 2129             jregex.Pretokenizer::next (1064 bytes)


---------------  P R O C E S S  ---------------

Java Threads: ( => current thread )
  0x0000000008331800 JavaThread "net.sf.ehcache.CacheManager@1049ed93" daemon [_thread_blocked, id=5104, stack(0x000000000aae0000,0x000000000abe0000)]
  0x000000000832d000 JavaThread "jobs-thread-5" [_thread_in_native, id=5256, stack(0x00000000098a0000,0x00000000099a0000)]
  0x000000000a3cc800 JavaThread "com.mchange.v2.async.ThreadPoolAsynchronousRunner$PoolThread-#2" daemon [_thread_blocked, id=3376, stack(0x000000000b450000,0x000000000b550000)]
  0x0000000008470800 JavaThread "com.mchange.v2.async.ThreadPoolAsynchronousRunner$PoolThread-#1" daemon [_thread_blocked, id=4984, stack(0x000000000ae50000,0x000000000af50000)]
  0x0000000007cb5000 JavaThread "com.mchange.v2.async.ThreadPoolAsynchronousRunner$PoolThread-#0" daemon [_thread_blocked, id=4376, stack(0x000000000b280000,0x000000000b380000)]
  0x000000000a261000 JavaThread "Timer-0" daemon [_thread_blocked, id=5248, stack(0x000000000b0b0000,0x000000000b1b0000)]
  0x0000000008849000 JavaThread "play-thread-1" [_thread_blocked, id=3076, stack(0x00000000099a0000,0x0000000009aa0000)]
  0x00000000022d8000 JavaThread "DestroyJavaVM" [_thread_blocked, id=3300, stack(0x0000000002420000,0x0000000002520000)]
  0x0000000008605800 JavaThread "New I/O server boss #1 ([id: 0x5f0bc88b, /0:0:0:0:0:0:0:0:9000])" [_thread_in_native, id=1172, stack(0x0000000007910000,0x0000000007a10000)]
  0x0000000006555800 JavaThread "Service Thread" daemon [_thread_blocked, id=2596, stack(0x0000000007240000,0x0000000007340000)]
=>0x0000000006552800 JavaThread "C2 CompilerThread1" daemon [_thread_in_native, id=6048, stack(0x00000000077c0000,0x00000000078c0000)]
  0x0000000006549000 JavaThread "C2 CompilerThread0" daemon [_thread_blocked, id=3692, stack(0x00000000075b0000,0x00000000076b0000)]
  0x000000000653e800 JavaThread "JDWP Event Helper Thread" daemon [_thread_blocked, id=5076, stack(0x00000000074a0000,0x00000000075a0000)]
  0x000000000652f800 JavaThread "JDWP Transport Listener: dt_socket" daemon [_thread_in_native, id=2956, stack(0x0000000006cd0000,0x0000000006dd0000)]
  0x000000000650b000 JavaThread "Attach Listener" daemon [_thread_blocked, id=5244, stack(0x0000000007130000,0x0000000007230000)]
  0x0000000006506000 JavaThread "Signal Dispatcher" daemon [_thread_blocked, id=5308, stack(0x0000000006f60000,0x0000000007060000)]
  0x000000000239d800 JavaThread "Finalizer" daemon [_thread_blocked, id=3516, stack(0x0000000006dd0000,0x0000000006ed0000)]
  0x0000000002395000 JavaThread "Reference Handler" daemon [_thread_blocked, id=3260, stack(0x0000000006a70000,0x0000000006b70000)]

Other Threads:
  0x000000000238b800 VMThread [stack: 0x0000000006b90000,0x0000000006c90000] [id=4396]
  0x000000000659e800 WatcherThread [stack: 0x0000000007a10000,0x0000000007b10000] [id=4448]

VM state:not at safepoint (normal execution)

VM Mutex/Monitor currently owned by a thread: None

Heap
 PSYoungGen      total 13440K, used 3885K [0x00000000eb200000, 0x00000000ec330000, 0x0000000100000000)
  eden space 11776K, 23% used [0x00000000eb200000,0x00000000eb4bb528,0x00000000ebd80000)
  from space 1664K, 65% used [0x00000000ebd80000,0x00000000ebe90000,0x00000000ebf20000)
  to   space 1728K, 0% used [0x00000000ec180000,0x00000000ec180000,0x00000000ec330000)
 PSOldGen        total 32128K, used 20703K [0x00000000c1600000, 0x00000000c3560000, 0x00000000eb200000)
  object space 32128K, 64% used [0x00000000c1600000,0x00000000c2a37e50,0x00000000c3560000)
 PSPermGen       total 83968K, used 50188K [0x00000000bc400000, 0x00000000c1600000, 0x00000000c1600000)
  object space 83968K, 59% used [0x00000000bc400000,0x00000000bf5032b8,0x00000000c1600000)

Code Cache  [0x0000000002770000, 0x00000000031b0000, 0x0000000005770000)
 total_blobs=2726 nmethods=2012 adapters=673 free_code_cache=38820Kb largest_free_block=39619264

Dynamic libraries:
0x000000013fe50000 - 0x000000013fe83000 	C:\Program Files\Java\jdk1.7.0_03\bin\java.exe
0x0000000076d20000 - 0x0000000076ecc000 	C:\Windows\SYSTEM32\ntdll.dll
0x0000000076aa0000 - 0x0000000076bbf000 	C:\Windows\system32\kernel32.dll
0x000007fefd4f0000 - 0x000007fefd55c000 	C:\Windows\system32\KERNELBASE.dll
0x000007fefe860000 - 0x000007fefe93b000 	C:\Windows\system32\ADVAPI32.dll
0x000007fefe530000 - 0x000007fefe5cf000 	C:\Windows\system32\msvcrt.dll
0x000007feff010000 - 0x000007feff02f000 	C:\Windows\SYSTEM32\sechost.dll
0x000007fefe640000 - 0x000007fefe76e000 	C:\Windows\system32\RPCRT4.dll
0x0000000076850000 - 0x000000007694a000 	C:\Windows\system32\USER32.dll
0x000007fefe5d0000 - 0x000007fefe637000 	C:\Windows\system32\GDI32.dll
0x000007fefe770000 - 0x000007fefe77e000 	C:\Windows\system32\LPK.dll
0x000007fefee90000 - 0x000007fefef5a000 	C:\Windows\system32\USP10.dll
0x000007fefb900000 - 0x000007fefbaf4000 	C:\Windows\WinSxS\amd64_microsoft.windows.common-controls_6595b64144ccf1df_6.0.7600.16661_none_fa62ad231704eab7\COMCTL32.dll
0x000007fefe9e0000 - 0x000007fefea51000 	C:\Windows\system32\SHLWAPI.dll
0x000007fefef60000 - 0x000007fefef8e000 	C:\Windows\system32\IMM32.DLL
0x000007fefed80000 - 0x000007fefee89000 	C:\Windows\system32\MSCTF.dll
0x000000006b060000 - 0x000000006b131000 	C:\Program Files\Java\jdk1.7.0_03\jre\bin\msvcr100.dll
0x0000000066ec0000 - 0x000000006759a000 	C:\Program Files\Java\jdk1.7.0_03\jre\bin\server\jvm.dll
0x000007fef9440000 - 0x000007fef9449000 	C:\Windows\system32\WSOCK32.dll
0x000007fefed30000 - 0x000007fefed7d000 	C:\Windows\system32\WS2_32.dll
0x000007fefd740000 - 0x000007fefd748000 	C:\Windows\system32\NSI.dll
0x000007fefb150000 - 0x000007fefb18b000 	C:\Windows\system32\WINMM.dll
0x0000000076ef0000 - 0x0000000076ef7000 	C:\Windows\system32\PSAPI.DLL
0x0000000071730000 - 0x000000007173f000 	C:\Program Files\Java\jdk1.7.0_03\jre\bin\verify.dll
0x0000000071320000 - 0x0000000071348000 	C:\Program Files\Java\jdk1.7.0_03\jre\bin\java.dll
0x00000000714b0000 - 0x00000000714e5000 	C:\Program Files\Java\jdk1.7.0_03\jre\bin\jdwp.dll
0x00000000712f0000 - 0x0000000071313000 	C:\Program Files\Java\jdk1.7.0_03\jre\bin\instrument.dll
0x0000000072130000 - 0x0000000072138000 	C:\Program Files\Java\jdk1.7.0_03\jre\bin\npt.dll
0x0000000070fb0000 - 0x0000000070fc5000 	C:\Program Files\Java\jdk1.7.0_03\jre\bin\zip.dll
0x00000000712e0000 - 0x00000000712e9000 	C:\Program Files\Java\jdk1.7.0_03\jre\bin\dt_socket.dll
0x000007fefca00000 - 0x000007fefca54000 	C:\Windows\system32\mswsock.dll
0x000007fefc380000 - 0x000007fefc387000 	C:\Windows\System32\wshtcpip.dll
0x0000000070fd0000 - 0x0000000070fe9000 	C:\Program Files\Java\jdk1.7.0_03\jre\bin\net.dll
0x000007fefc9f0000 - 0x000007fefc9f7000 	C:\Windows\System32\wship6.dll
0x000000006fe00000 - 0x000000006fe11000 	C:\Program Files\Java\jdk1.7.0_03\jre\bin\nio.dll
0x000007fefca60000 - 0x000007fefca77000 	C:\Windows\system32\CRYPTSP.dll
0x000007fefc760000 - 0x000007fefc7a7000 	C:\Windows\system32\rsaenh.dll
0x000007fefc490000 - 0x000007fefc4ae000 	C:\Windows\system32\USERENV.dll
0x000007fefd190000 - 0x000007fefd19f000 	C:\Windows\system32\profapi.dll
0x000007fefd0c0000 - 0x000007fefd0cf000 	C:\Windows\system32\CRYPTBASE.dll
0x000007fefb590000 - 0x000007fefb5a5000 	C:\Windows\system32\NLAapi.dll
0x000007fefc880000 - 0x000007fefc8db000 	C:\Windows\system32\DNSAPI.dll
0x000007fef9280000 - 0x000007fef928b000 	C:\Windows\System32\winrnr.dll
0x000007fef9260000 - 0x000007fef9275000 	C:\Windows\system32\napinsp.dll
0x000007fef9240000 - 0x000007fef9259000 	C:\Windows\system32\pnrpnsp.dll
0x000007fef9230000 - 0x000007fef9240000 	C:\Windows\system32\wshbth.dll
0x000007fef99f0000 - 0x000007fef9a1e000 	C:\Program Files\Common Files\Microsoft Shared\Windows Live\WLIDNSP.DLL
0x000007fefb110000 - 0x000007fefb137000 	C:\Windows\system32\IPHLPAPI.DLL
0x000007fefafb0000 - 0x000007fefafbb000 	C:\Windows\system32\WINNSI.DLL
0x000007fef99e0000 - 0x000007fef99e8000 	C:\Windows\system32\rasadhlp.dll
0x000007fefab40000 - 0x000007fefab93000 	C:\Windows\System32\fwpuclnt.dll
0x0000000070fa0000 - 0x0000000070fab000 	C:\Program Files\Java\jdk1.7.0_03\jre\bin\management.dll

VM Arguments:
jvm_args: -javaagent:C:\play-1.2.4\play-1.2.4\framework/play-1.2.4.jar -XX:-UseSplitVerifier -Dfile.encoding=utf-8 -Xdebug -Xrunjdwp:transport=dt_socket,address=8000,server=y,suspend=n -Dplay.debug=yes -Dapplication.path=C:\Users\IDL\workspace\newsmrt\smrt-lbs-new -Dplay.id= 
java_command: play.server.Server 
Launcher Type: SUN_STANDARD

Environment Variables:
JAVA_HOME=C:\Program Files\Java\jdk1.7.0_03
CLASSPATH=.;C:\Program Files (x86)\Java\jre6\lib\ext\QTJava.zip
PATH=C:\Program Files\Common Files\Microsoft Shared\Windows Live;C:\Program Files (x86)\Common Files\Microsoft Shared\Windows Live;C:\Windows\system32;C:\Windows;C:\Windows\System32\Wbem;C:\Windows\System32\WindowsPowerShell\v1.0\;c:\Program Files (x86)\Microsoft SQL Server\100\Tools\Binn\;c:\Program Files\Microsoft SQL Server\100\Tools\Binn\;c:\Program Files\Microsoft SQL Server\100\DTS\Binn\;C:\Program Files (x86)\Windows Live\Shared;C:\Program Files\Intel\WiFi\bin\;C:\Program Files\Common Files\Intel\WirelessCommon\;C:\Program Files\Broadcom\Broadcom 802.11\Driver;C:\Program Files (x86)\Common Files\Ulead Systems\MPEG;C:\Program Files (x86)\QuickTime\QTSystem\;C:\play-1.2.4\play-1.2.4;C:\Program Files\Java\jdk1.7.0_03\bin;C:\xampp\mysql\bin
USERNAME=IDL
OS=Windows_NT
PROCESSOR_IDENTIFIER=Intel64 Family 6 Model 42 Stepping 7, GenuineIntel



---------------  S Y S T E M  ---------------

OS: Windows 7 , 64 bit Build 7600 

CPU:total 4 (2 cores per cpu, 2 threads per core) family 6 model 42 stepping 7, cmov, cx8, fxsr, mmx, sse, sse2, sse3, ssse3, sse4.1, sse4.2, popcnt, ht

Memory: 4k page, physical 4103516k(918336k free), swap 8205128k(3485856k free)

vm_info: Java HotSpot(TM) 64-Bit Server VM (22.1-b02) for windows-amd64 JRE (1.7.0_03-b05), built on Feb  3 2012 20:43:56 by "java_re" with unknown MS VC++:1600

time: Fri May 11 14:57:41 2012
elapsed time: 11410 seconds

