#
# A fatal error has been detected by the Java Runtime Environment:
#
#  EXCEPTION_ACCESS_VIOLATION (0xc0000005) at pc=0x000000006bf828cf, pid=2980, tid=4736
#
# JRE version: 7.0_03-b05
# Java VM: Java HotSpot(TM) 64-Bit Server VM (22.1-b02 mixed mode windows-amd64 compressed oops)
# Problematic frame:
# V  [jvm.dll+0x3e28cf]
#
# Failed to write core dump. Minidumps are not enabled by default on client versions of Windows
#
# If you would like to submit a bug report, please visit:
#   http://bugreport.sun.com/bugreport/crash.jsp
#

---------------  T H R E A D  ---------------

Current thread (0x00000000065fa800):  JavaThread "C2 CompilerThread1" daemon [_thread_in_native, id=4736, stack(0x00000000076a0000,0x00000000077a0000)]

siginfo: ExceptionCode=0xc0000005, reading address 0x0000000000000008

Registers:
RAX=0x0000000000000000, RBX=0x000000000779d0d0, RCX=0x00000000090f47a0, RDX=0x0000000000000000
RSP=0x000000000779c280, RBP=0x000000000779c430, RSI=0x00000000083eb8a8, RDI=0x0000000000000000
R8 =0x0000000009212fe0, R9 =0x0000000000002000, R10=0x0000000007d2b5c0, R11=0x0000000000000000
R12=0x000000000836cad0, R13=0x0000000008c28b00, R14=0x000000000779c350, R15=0x000000000779c370
RIP=0x000000006bf828cf, EFLAGS=0x0000000000010206

Top of Stack: (sp=0x000000000779c280)
0x000000000779c280:   000000000779d0d0 000000000836cad0
0x000000000779c290:   0000000008c2f6e0 0000000000000000
0x000000000779c2a0:   000000000836cad0 0000000000000002
0x000000000779c2b0:   0000000007fe72d8 000000006bf83389
0x000000000779c2c0:   000000000779c430 0000000000000183
0x000000000779c2d0:   000000000779c3b8 000000000779c430
0x000000000779c2e0:   0000000000000020 000000000667b6f8
0x000000000779c2f0:   0000000000000000 000000000000b310
0x000000000779c300:   0000000006685030 000000000779c430
0x000000000779c310:   00000000065e7720 0000000000000002
0x000000000779c320:   000000000779d0d0 000000006bf854f7
0x000000000779c330:   000000000779d0d0 0000000000000001
0x000000000779c340:   0000000000000002 000000000779c3b8
0x000000000779c350:   00000000065e7720 0000000000000200
0x000000000779c360:   00000000092887d0 0000000000000184
0x000000000779c370:   000000006c0e4508 00000000065e7720 

Instructions: (pc=0x000000006bf828cf)
0x000000006bf828af:   48 3b f0 0f 84 87 01 00 00 44 8b 4b 28 0f 1f 40
0x000000006bf828bf:   00 41 8b 53 28 4c 8b 83 e0 09 00 00 4d 8b 1c d0
0x000000006bf828cf:   49 8b 43 08 48 39 38 75 2d 0f 1f 84 00 00 00 00
0x000000006bf828df:   00 41 8b 43 28 41 3b c1 73 0c 8b c8 48 8b 43 30 


Register to memory mapping:

RAX=0x0000000000000000 is an unknown value
RBX=0x000000000779d0d0 is pointing into the stack for thread: 0x00000000065fa800
RCX=0x00000000090f47a0 is an unknown value
RDX=0x0000000000000000 is an unknown value
RSP=0x000000000779c280 is pointing into the stack for thread: 0x00000000065fa800
RBP=0x000000000779c430 is pointing into the stack for thread: 0x00000000065fa800
RSI=0x00000000083eb8a8 is an unknown value
RDI=0x0000000000000000 is an unknown value
R8 =0x0000000009212fe0 is an unknown value
R9 =0x0000000000002000 is an unknown value
R10=0x0000000007d2b5c0 is an unknown value
R11=0x0000000000000000 is an unknown value
R12=0x000000000836cad0 is an unknown value
R13=0x0000000008c28b00 is an unknown value
R14=0x000000000779c350 is pointing into the stack for thread: 0x00000000065fa800
R15=0x000000000779c370 is pointing into the stack for thread: 0x00000000065fa800


Stack: [0x00000000076a0000,0x00000000077a0000],  sp=0x000000000779c280,  free space=1008k
Native frames: (J=compiled Java code, j=interpreted, Vv=VM code, C=native code)
V  [jvm.dll+0x3e28cf]


Current CompileTask:
C2:6011939 1831             jregex.Pretokenizer::next (1064 bytes)


---------------  P R O C E S S  ---------------

Java Threads: ( => current thread )
  0x0000000007c6e800 JavaThread "net.sf.ehcache.CacheManager@d539a84" daemon [_thread_blocked, id=4768, stack(0x000000000bf50000,0x000000000c050000)]
  0x0000000008f29000 JavaThread "jobs-thread-9" [_thread_in_native, id=3748, stack(0x000000000d860000,0x000000000d960000)]
  0x0000000007c66800 JavaThread "com.mchange.v2.async.ThreadPoolAsynchronousRunner$PoolThread-#2" daemon [_thread_blocked, id=3480, stack(0x000000000c310000,0x000000000c410000)]
  0x0000000007c66000 JavaThread "com.mchange.v2.async.ThreadPoolAsynchronousRunner$PoolThread-#1" daemon [_thread_blocked, id=2544, stack(0x000000000c410000,0x000000000c510000)]
  0x0000000007c65000 JavaThread "com.mchange.v2.async.ThreadPoolAsynchronousRunner$PoolThread-#0" daemon [_thread_blocked, id=3544, stack(0x000000000bb20000,0x000000000bc20000)]
  0x0000000007c64800 JavaThread "Timer-0" daemon [_thread_blocked, id=1492, stack(0x000000000c140000,0x000000000c240000)]
  0x0000000007c63000 JavaThread "play-thread-1" [_thread_blocked, id=1028, stack(0x0000000009a60000,0x0000000009b60000)]
  0x0000000007c61800 JavaThread "DestroyJavaVM" [_thread_blocked, id=5080, stack(0x0000000002760000,0x0000000002860000)]
  0x0000000007c61000 JavaThread "New I/O server boss #1 ([id: 0x0048b670, /0:0:0:0:0:0:0:0:9000])" [_thread_in_native, id=3036, stack(0x00000000097d0000,0x00000000098d0000)]
  0x0000000006605800 JavaThread "Service Thread" daemon [_thread_blocked, id=5084, stack(0x0000000007970000,0x0000000007a70000)]
=>0x00000000065fa800 JavaThread "C2 CompilerThread1" daemon [_thread_in_native, id=4736, stack(0x00000000076a0000,0x00000000077a0000)]
  0x00000000065f9000 JavaThread "C2 CompilerThread0" daemon [_thread_blocked, id=5904, stack(0x0000000007550000,0x0000000007650000)]
  0x00000000065ee800 JavaThread "JDWP Event Helper Thread" daemon [_thread_blocked, id=712, stack(0x00000000071c0000,0x00000000072c0000)]
  0x00000000065df800 JavaThread "JDWP Transport Listener: dt_socket" daemon [_thread_in_native, id=2100, stack(0x0000000007350000,0x0000000007450000)]
  0x00000000065bb800 JavaThread "Attach Listener" daemon [_thread_blocked, id=400, stack(0x0000000007080000,0x0000000007180000)]
  0x00000000065b6800 JavaThread "Signal Dispatcher" daemon [_thread_blocked, id=4216, stack(0x0000000006f00000,0x0000000007000000)]
  0x000000000246b800 JavaThread "Finalizer" daemon [_thread_blocked, id=116, stack(0x0000000006cd0000,0x0000000006dd0000)]
  0x0000000002465000 JavaThread "Reference Handler" daemon [_thread_blocked, id=5060, stack(0x0000000006b50000,0x0000000006c50000)]

Other Threads:
  0x000000000245b800 VMThread [stack: 0x00000000069e0000,0x0000000006ae0000] [id=4792]
  0x000000000664f000 WatcherThread [stack: 0x0000000007af0000,0x0000000007bf0000] [id=5568]

VM state:not at safepoint (normal execution)

VM Mutex/Monitor currently owned by a thread: None

Heap
 PSYoungGen      total 11136K, used 3222K [0x00000000eb200000, 0x00000000ebe40000, 0x0000000100000000)
  eden space 9728K, 25% used [0x00000000eb200000,0x00000000eb46daf8,0x00000000ebb80000)
  from space 1408K, 52% used [0x00000000ebce0000,0x00000000ebd98000,0x00000000ebe40000)
  to   space 1408K, 0% used [0x00000000ebb80000,0x00000000ebb80000,0x00000000ebce0000)
 PSOldGen        total 32640K, used 25191K [0x00000000c1600000, 0x00000000c35e0000, 0x00000000eb200000)
  object space 32640K, 77% used [0x00000000c1600000,0x00000000c2e99c08,0x00000000c35e0000)
 PSPermGen       total 51968K, used 51907K [0x00000000bc400000, 0x00000000bf6c0000, 0x00000000c1600000)
  object space 51968K, 99% used [0x00000000bc400000,0x00000000bf6b0e00,0x00000000bf6c0000)

Code Cache  [0x0000000002860000, 0x00000000030c0000, 0x0000000005860000)
 total_blobs=2444 nmethods=1737 adapters=666 free_code_cache=40715Kb largest_free_block=41567680

Dynamic libraries:
0x000000013fc10000 - 0x000000013fc43000 	C:\Program Files\Java\jdk1.7.0_03\bin\java.exe
0x0000000076fd0000 - 0x000000007717c000 	C:\Windows\SYSTEM32\ntdll.dll
0x00000000768f0000 - 0x0000000076a0f000 	C:\Windows\system32\kernel32.dll
0x000007fefd760000 - 0x000007fefd7cc000 	C:\Windows\system32\KERNELBASE.dll
0x000007fefd950000 - 0x000007fefda2b000 	C:\Windows\system32\ADVAPI32.dll
0x000007fefe4b0000 - 0x000007fefe54f000 	C:\Windows\system32\msvcrt.dll
0x000007fefdb50000 - 0x000007fefdb6f000 	C:\Windows\SYSTEM32\sechost.dll
0x000007fefe170000 - 0x000007fefe29e000 	C:\Windows\system32\RPCRT4.dll
0x0000000076ed0000 - 0x0000000076fca000 	C:\Windows\system32\USER32.dll
0x000007fefd8e0000 - 0x000007fefd947000 	C:\Windows\system32\GDI32.dll
0x000007fefde20000 - 0x000007fefde2e000 	C:\Windows\system32\LPK.dll
0x000007fefdb70000 - 0x000007fefdc3a000 	C:\Windows\system32\USP10.dll
0x000007fefbbf0000 - 0x000007fefbde4000 	C:\Windows\WinSxS\amd64_microsoft.windows.common-controls_6595b64144ccf1df_6.0.7600.16661_none_fa62ad231704eab7\COMCTL32.dll
0x000007fefdad0000 - 0x000007fefdb41000 	C:\Windows\system32\SHLWAPI.dll
0x000007fefe480000 - 0x000007fefe4ae000 	C:\Windows\system32\IMM32.DLL
0x000007fefe340000 - 0x000007fefe449000 	C:\Windows\system32\MSCTF.dll
0x000000006ee60000 - 0x000000006ef31000 	C:\Program Files\Java\jdk1.7.0_03\jre\bin\msvcr100.dll
0x000000006bba0000 - 0x000000006c27a000 	C:\Program Files\Java\jdk1.7.0_03\jre\bin\server\jvm.dll
0x000007fef96f0000 - 0x000007fef96f9000 	C:\Windows\system32\WSOCK32.dll
0x000007fefd810000 - 0x000007fefd85d000 	C:\Windows\system32\WS2_32.dll
0x000007fefe470000 - 0x000007fefe478000 	C:\Windows\system32\NSI.dll
0x000007fefb230000 - 0x000007fefb26b000 	C:\Windows\system32\WINMM.dll
0x00000000771a0000 - 0x00000000771a7000 	C:\Windows\system32\PSAPI.DLL
0x00000000717b0000 - 0x00000000717bf000 	C:\Program Files\Java\jdk1.7.0_03\jre\bin\verify.dll
0x0000000071780000 - 0x00000000717a8000 	C:\Program Files\Java\jdk1.7.0_03\jre\bin\java.dll
0x0000000071740000 - 0x0000000071775000 	C:\Program Files\Java\jdk1.7.0_03\jre\bin\jdwp.dll
0x00000000716d0000 - 0x00000000716f3000 	C:\Program Files\Java\jdk1.7.0_03\jre\bin\instrument.dll
0x0000000071730000 - 0x0000000071738000 	C:\Program Files\Java\jdk1.7.0_03\jre\bin\npt.dll
0x00000000716b0000 - 0x00000000716c5000 	C:\Program Files\Java\jdk1.7.0_03\jre\bin\zip.dll
0x0000000071720000 - 0x0000000071729000 	C:\Program Files\Java\jdk1.7.0_03\jre\bin\dt_socket.dll
0x000007fefcc70000 - 0x000007fefccc4000 	C:\Windows\system32\mswsock.dll
0x000007fefc630000 - 0x000007fefc637000 	C:\Windows\System32\wshtcpip.dll
0x0000000071580000 - 0x0000000071599000 	C:\Program Files\Java\jdk1.7.0_03\jre\bin\net.dll
0x000007fefcc60000 - 0x000007fefcc67000 	C:\Windows\System32\wship6.dll
0x0000000071560000 - 0x0000000071571000 	C:\Program Files\Java\jdk1.7.0_03\jre\bin\nio.dll
0x000007fefccd0000 - 0x000007fefcce7000 	C:\Windows\system32\CRYPTSP.dll
0x000007fefc9d0000 - 0x000007fefca17000 	C:\Windows\system32\rsaenh.dll
0x000007fefc740000 - 0x000007fefc75e000 	C:\Windows\system32\USERENV.dll
0x000007fefd440000 - 0x000007fefd44f000 	C:\Windows\system32\profapi.dll
0x000007fefd370000 - 0x000007fefd37f000 	C:\Windows\system32\CRYPTBASE.dll
0x000007fefb280000 - 0x000007fefb295000 	C:\Windows\system32\NLAapi.dll
0x000007fefcaf0000 - 0x000007fefcb4b000 	C:\Windows\system32\DNSAPI.dll
0x000007fef96d0000 - 0x000007fef96db000 	C:\Windows\System32\winrnr.dll
0x000007fef9500000 - 0x000007fef9515000 	C:\Windows\system32\napinsp.dll
0x000007fef94e0000 - 0x000007fef94f9000 	C:\Windows\system32\pnrpnsp.dll
0x000007fef96c0000 - 0x000007fef96d0000 	C:\Windows\system32\wshbth.dll
0x000007fef9b70000 - 0x000007fef9b9e000 	C:\Program Files\Common Files\Microsoft Shared\Windows Live\WLIDNSP.DLL
0x000007fefa830000 - 0x000007fefa857000 	C:\Windows\system32\IPHLPAPI.DLL
0x000007fefa810000 - 0x000007fefa81b000 	C:\Windows\system32\WINNSI.DLL
0x000007fef9b60000 - 0x000007fef9b68000 	C:\Windows\system32\rasadhlp.dll
0x000007fefa6c0000 - 0x000007fefa713000 	C:\Windows\System32\fwpuclnt.dll
0x000000006d740000 - 0x000000006d74b000 	C:\Program Files\Java\jdk1.7.0_03\jre\bin\management.dll

VM Arguments:
jvm_args: -javaagent:C:\play-1.2.4\play-1.2.4\framework/play-1.2.4.jar -XX:-UseSplitVerifier -Dfile.encoding=utf-8 -Xdebug -Xrunjdwp:transport=dt_socket,address=8000,server=y,suspend=n -Dplay.debug=yes -Dapplication.path=C:\Users\IDL\workspace\newsmrt\smrt-lbs-new -Dplay.id= 
java_command: play.server.Server 
Launcher Type: SUN_STANDARD

Environment Variables:
JAVA_HOME=C:\Program Files\Java\jdk1.7.0_03
CLASSPATH=.;C:\Program Files (x86)\Java\jre6\lib\ext\QTJava.zip
PATH=C:\Program Files\Common Files\Microsoft Shared\Windows Live;C:\Program Files (x86)\Common Files\Microsoft Shared\Windows Live;C:\Windows\system32;C:\Windows;C:\Windows\System32\Wbem;C:\Windows\System32\WindowsPowerShell\v1.0\;c:\Program Files (x86)\Microsoft SQL Server\100\Tools\Binn\;c:\Program Files\Microsoft SQL Server\100\Tools\Binn\;c:\Program Files\Microsoft SQL Server\100\DTS\Binn\;C:\Program Files (x86)\Windows Live\Shared;C:\Program Files\Intel\WiFi\bin\;C:\Program Files\Common Files\Intel\WirelessCommon\;C:\Program Files\Broadcom\Broadcom 802.11\Driver;C:\Program Files (x86)\Common Files\Ulead Systems\MPEG;C:\Program Files (x86)\QuickTime\QTSystem\;C:\play-1.2.4\play-1.2.4;C:\Program Files\Java\jdk1.7.0_03\bin;C:\xampp\mysql\bin
USERNAME=IDL
OS=Windows_NT
PROCESSOR_IDENTIFIER=Intel64 Family 6 Model 42 Stepping 7, GenuineIntel



---------------  S Y S T E M  ---------------

OS: Windows 7 , 64 bit Build 7600 

CPU:total 4 (2 cores per cpu, 2 threads per core) family 6 model 42 stepping 7, cmov, cx8, fxsr, mmx, sse, sse2, sse3, ssse3, sse4.1, sse4.2, popcnt, ht

Memory: 4k page, physical 4103516k(831600k free), swap 8205128k(3744956k free)

vm_info: Java HotSpot(TM) 64-Bit Server VM (22.1-b02) for windows-amd64 JRE (1.7.0_03-b05), built on Feb  3 2012 20:43:56 by "java_re" with unknown MS VC++:1600

time: Wed May 16 11:07:41 2012
elapsed time: 6011 seconds

